Analysis & Synthesis report for whack_a_mole
Wed Jun 12 19:01:57 2019
Quartus II 64-Bit Version 13.0.0 Build 156 04/24/2013 SJ Web Edition


---------------------
; Table of Contents ;
---------------------
  1. Legal Notice
  2. Analysis & Synthesis Summary
  3. Analysis & Synthesis Settings
  4. Parallel Compilation
  5. Analysis & Synthesis Source Files Read
  6. Analysis & Synthesis Resource Usage Summary
  7. Analysis & Synthesis Resource Utilization by Entity
  8. Registers Removed During Synthesis
  9. General Register Statistics
 10. Inverted Register Statistics
 11. Multiplexer Restructuring Statistics (Restructuring Performed)
 12. Parameter Settings for User Entity Instance: Top-level Entity: |whack_a_mole
 13. Parameter Settings for User Entity Instance: debounce:dbc_rst
 14. Parameter Settings for User Entity Instance: debounce:dbc_startGame
 15. Parameter Settings for User Entity Instance: debounce:\dbc_hammers_gen:0:dbc_hammers_X
 16. Parameter Settings for User Entity Instance: debounce:\dbc_hammers_gen:1:dbc_hammers_X
 17. Parameter Settings for User Entity Instance: debounce:\dbc_hammers_gen:2:dbc_hammers_X
 18. Parameter Settings for User Entity Instance: debounce:\dbc_hammers_gen:3:dbc_hammers_X
 19. Parameter Settings for User Entity Instance: debounce:\dbc_hammers_gen:4:dbc_hammers_X
 20. Parameter Settings for User Entity Instance: debounce:\dbc_hammers_gen:5:dbc_hammers_X
 21. Parameter Settings for User Entity Instance: debounce:\dbc_hammers_gen:6:dbc_hammers_X
 22. Parameter Settings for User Entity Instance: debounce:\dbc_hammers_gen:7:dbc_hammers_X
 23. Parameter Settings for User Entity Instance: debounce:\dbc_hammers_gen:8:dbc_hammers_X
 24. Parameter Settings for User Entity Instance: debounce:\dbc_hammers_gen:9:dbc_hammers_X
 25. Parameter Settings for Inferred Entity Instance: lpm_divide:Div0
 26. Parameter Settings for Inferred Entity Instance: lpm_divide:Mod0
 27. Elapsed Time Per Partition
 28. Analysis & Synthesis Messages



----------------
; Legal Notice ;
----------------
Copyright (C) 1991-2013 Altera Corporation
Your use of Altera Corporation's design tools, logic functions 
and other software and tools, and its AMPP partner logic 
functions, and any output files from any of the foregoing 
(including device programming or simulation files), and any 
associated documentation or information are expressly subject 
to the terms and conditions of the Altera Program License 
Subscription Agreement, Altera MegaCore Function License 
Agreement, or other applicable license agreement, including, 
without limitation, that your use is for the sole purpose of 
programming logic devices manufactured by Altera and sold by 
Altera or its authorized distributors.  Please refer to the 
applicable agreement for further details.



+---------------------------------------------------------------------------------+
; Analysis & Synthesis Summary                                                    ;
+------------------------------------+--------------------------------------------+
; Analysis & Synthesis Status        ; Successful - Wed Jun 12 19:01:57 2019      ;
; Quartus II 64-Bit Version          ; 13.0.0 Build 156 04/24/2013 SJ Web Edition ;
; Revision Name                      ; whack_a_mole                               ;
; Top-level Entity Name              ; whack_a_mole                               ;
; Family                             ; Cyclone III                                ;
; Total logic elements               ; 4,644                                      ;
;     Total combinational functions  ; 4,623                                      ;
;     Dedicated logic registers      ; 882                                        ;
; Total registers                    ; 882                                        ;
; Total pins                         ; 51                                         ;
; Total virtual pins                 ; 0                                          ;
; Total memory bits                  ; 0                                          ;
; Embedded Multiplier 9-bit elements ; 0                                          ;
; Total PLLs                         ; 0                                          ;
+------------------------------------+--------------------------------------------+


+----------------------------------------------------------------------------------------------------------------------+
; Analysis & Synthesis Settings                                                                                        ;
+----------------------------------------------------------------------------+--------------------+--------------------+
; Option                                                                     ; Setting            ; Default Value      ;
+----------------------------------------------------------------------------+--------------------+--------------------+
; Device                                                                     ; EP3C16F484C6       ;                    ;
; Top-level entity name                                                      ; whack_a_mole       ; whack_a_mole       ;
; Family name                                                                ; Cyclone III        ; Cyclone IV GX      ;
; Use smart compilation                                                      ; Off                ; Off                ;
; Enable parallel Assembler and TimeQuest Timing Analyzer during compilation ; On                 ; On                 ;
; Enable compact report table                                                ; Off                ; Off                ;
; Restructure Multiplexers                                                   ; Auto               ; Auto               ;
; Create Debugging Nodes for IP Cores                                        ; Off                ; Off                ;
; Preserve fewer node names                                                  ; On                 ; On                 ;
; Disable OpenCore Plus hardware evaluation                                  ; Off                ; Off                ;
; Verilog Version                                                            ; Verilog_2001       ; Verilog_2001       ;
; VHDL Version                                                               ; VHDL_1993          ; VHDL_1993          ;
; State Machine Processing                                                   ; Auto               ; Auto               ;
; Safe State Machine                                                         ; Off                ; Off                ;
; Extract Verilog State Machines                                             ; On                 ; On                 ;
; Extract VHDL State Machines                                                ; On                 ; On                 ;
; Ignore Verilog initial constructs                                          ; Off                ; Off                ;
; Iteration limit for constant Verilog loops                                 ; 5000               ; 5000               ;
; Iteration limit for non-constant Verilog loops                             ; 250                ; 250                ;
; Add Pass-Through Logic to Inferred RAMs                                    ; On                 ; On                 ;
; Infer RAMs from Raw Logic                                                  ; On                 ; On                 ;
; Parallel Synthesis                                                         ; On                 ; On                 ;
; DSP Block Balancing                                                        ; Auto               ; Auto               ;
; NOT Gate Push-Back                                                         ; On                 ; On                 ;
; Power-Up Don't Care                                                        ; On                 ; On                 ;
; Remove Redundant Logic Cells                                               ; Off                ; Off                ;
; Remove Duplicate Registers                                                 ; On                 ; On                 ;
; Ignore CARRY Buffers                                                       ; Off                ; Off                ;
; Ignore CASCADE Buffers                                                     ; Off                ; Off                ;
; Ignore GLOBAL Buffers                                                      ; Off                ; Off                ;
; Ignore ROW GLOBAL Buffers                                                  ; Off                ; Off                ;
; Ignore LCELL Buffers                                                       ; Off                ; Off                ;
; Ignore SOFT Buffers                                                        ; On                 ; On                 ;
; Limit AHDL Integers to 32 Bits                                             ; Off                ; Off                ;
; Optimization Technique                                                     ; Balanced           ; Balanced           ;
; Carry Chain Length                                                         ; 70                 ; 70                 ;
; Auto Carry Chains                                                          ; On                 ; On                 ;
; Auto Open-Drain Pins                                                       ; On                 ; On                 ;
; Perform WYSIWYG Primitive Resynthesis                                      ; Off                ; Off                ;
; Auto ROM Replacement                                                       ; On                 ; On                 ;
; Auto RAM Replacement                                                       ; On                 ; On                 ;
; Auto DSP Block Replacement                                                 ; On                 ; On                 ;
; Auto Shift Register Replacement                                            ; Auto               ; Auto               ;
; Allow Shift Register Merging across Hierarchies                            ; Auto               ; Auto               ;
; Auto Clock Enable Replacement                                              ; On                 ; On                 ;
; Strict RAM Replacement                                                     ; Off                ; Off                ;
; Allow Synchronous Control Signals                                          ; On                 ; On                 ;
; Force Use of Synchronous Clear Signals                                     ; Off                ; Off                ;
; Auto RAM Block Balancing                                                   ; On                 ; On                 ;
; Auto RAM to Logic Cell Conversion                                          ; Off                ; Off                ;
; Auto Resource Sharing                                                      ; Off                ; Off                ;
; Allow Any RAM Size For Recognition                                         ; Off                ; Off                ;
; Allow Any ROM Size For Recognition                                         ; Off                ; Off                ;
; Allow Any Shift Register Size For Recognition                              ; Off                ; Off                ;
; Use LogicLock Constraints during Resource Balancing                        ; On                 ; On                 ;
; Ignore translate_off and synthesis_off directives                          ; Off                ; Off                ;
; Timing-Driven Synthesis                                                    ; On                 ; On                 ;
; Report Parameter Settings                                                  ; On                 ; On                 ;
; Report Source Assignments                                                  ; On                 ; On                 ;
; Report Connectivity Checks                                                 ; On                 ; On                 ;
; Ignore Maximum Fan-Out Assignments                                         ; Off                ; Off                ;
; Synchronization Register Chain Length                                      ; 2                  ; 2                  ;
; PowerPlay Power Optimization                                               ; Normal compilation ; Normal compilation ;
; HDL message level                                                          ; Level2             ; Level2             ;
; Suppress Register Optimization Related Messages                            ; Off                ; Off                ;
; Number of Removed Registers Reported in Synthesis Report                   ; 5000               ; 5000               ;
; Number of Swept Nodes Reported in Synthesis Report                         ; 5000               ; 5000               ;
; Number of Inverted Registers Reported in Synthesis Report                  ; 100                ; 100                ;
; Clock MUX Protection                                                       ; On                 ; On                 ;
; Auto Gated Clock Conversion                                                ; Off                ; Off                ;
; Block Design Naming                                                        ; Auto               ; Auto               ;
; SDC constraint protection                                                  ; Off                ; Off                ;
; Synthesis Effort                                                           ; Auto               ; Auto               ;
; Shift Register Replacement - Allow Asynchronous Clear Signal               ; On                 ; On                 ;
; Pre-Mapping Resynthesis Optimization                                       ; Off                ; Off                ;
; Analysis & Synthesis Message Level                                         ; Medium             ; Medium             ;
; Disable Register Merging Across Hierarchies                                ; Auto               ; Auto               ;
; Resource Aware Inference For Block RAM                                     ; On                 ; On                 ;
; Synthesis Seed                                                             ; 1                  ; 1                  ;
+----------------------------------------------------------------------------+--------------------+--------------------+


Parallel compilation was disabled, but you have multiple processors available. Enable parallel compilation to reduce compilation time.
+-------------------------------------+
; Parallel Compilation                ;
+----------------------------+--------+
; Processors                 ; Number ;
+----------------------------+--------+
; Number detected on machine ; 4      ;
; Maximum allowed            ; 1      ;
+----------------------------+--------+


+-----------------------------------------------------------------------------------------------------------------------------------------------------------------------+
; Analysis & Synthesis Source Files Read                                                                                                                                ;
+----------------------------------+-----------------+------------------------------+-------------------------------------------------------------------------+---------+
; File Name with User-Entered Path ; Used in Netlist ; File Type                    ; File Name with Absolute Path                                            ; Library ;
+----------------------------------+-----------------+------------------------------+-------------------------------------------------------------------------+---------+
; debounce.vhd                     ; yes             ; User VHDL File               ; C:/Users/DAELN/Downloads/whack-a-mole-master/debounce.vhd               ;         ;
; whack_a_mole.vhd                 ; yes             ; User VHDL File               ; C:/Users/DAELN/Downloads/whack-a-mole-master/whack_a_mole.vhd           ;         ;
; lpm_divide.tdf                   ; yes             ; Megafunction                 ; c:/altera/13.0/quartus/libraries/megafunctions/lpm_divide.tdf           ;         ;
; abs_divider.inc                  ; yes             ; Megafunction                 ; c:/altera/13.0/quartus/libraries/megafunctions/abs_divider.inc          ;         ;
; sign_div_unsign.inc              ; yes             ; Megafunction                 ; c:/altera/13.0/quartus/libraries/megafunctions/sign_div_unsign.inc      ;         ;
; aglobal130.inc                   ; yes             ; Megafunction                 ; c:/altera/13.0/quartus/libraries/megafunctions/aglobal130.inc           ;         ;
; db/lpm_divide_01p.tdf            ; yes             ; Auto-Generated Megafunction  ; C:/Users/DAELN/Downloads/whack-a-mole-master/db/lpm_divide_01p.tdf      ;         ;
; db/abs_divider_4dg.tdf           ; yes             ; Auto-Generated Megafunction  ; C:/Users/DAELN/Downloads/whack-a-mole-master/db/abs_divider_4dg.tdf     ;         ;
; db/alt_u_div_t8f.tdf             ; yes             ; Auto-Generated Megafunction  ; C:/Users/DAELN/Downloads/whack-a-mole-master/db/alt_u_div_t8f.tdf       ;         ;
; db/add_sub_unc.tdf               ; yes             ; Auto-Generated Megafunction  ; C:/Users/DAELN/Downloads/whack-a-mole-master/db/add_sub_unc.tdf         ;         ;
; db/add_sub_vnc.tdf               ; yes             ; Auto-Generated Megafunction  ; C:/Users/DAELN/Downloads/whack-a-mole-master/db/add_sub_vnc.tdf         ;         ;
; db/lpm_abs_9v9.tdf               ; yes             ; Auto-Generated Megafunction  ; C:/Users/DAELN/Downloads/whack-a-mole-master/db/lpm_abs_9v9.tdf         ;         ;
; db/lpm_divide_cbm.tdf            ; yes             ; Auto-Generated Megafunction  ; C:/Users/DAELN/Downloads/whack-a-mole-master/db/lpm_divide_cbm.tdf      ;         ;
; db/sign_div_unsign_anh.tdf       ; yes             ; Auto-Generated Megafunction  ; C:/Users/DAELN/Downloads/whack-a-mole-master/db/sign_div_unsign_anh.tdf ;         ;
; db/alt_u_div_v8f.tdf             ; yes             ; Auto-Generated Megafunction  ; C:/Users/DAELN/Downloads/whack-a-mole-master/db/alt_u_div_v8f.tdf       ;         ;
+----------------------------------+-----------------+------------------------------+-------------------------------------------------------------------------+---------+


+---------------------------------------------------------+
; Analysis & Synthesis Resource Usage Summary             ;
+---------------------------------------------+-----------+
; Resource                                    ; Usage     ;
+---------------------------------------------+-----------+
; Estimated Total logic elements              ; 4,644     ;
;                                             ;           ;
; Total combinational functions               ; 4623      ;
; Logic element usage by number of LUT inputs ;           ;
;     -- 4 input functions                    ; 1536      ;
;     -- 3 input functions                    ; 1474      ;
;     -- <=2 input functions                  ; 1613      ;
;                                             ;           ;
; Logic elements by mode                      ;           ;
;     -- normal mode                          ; 2668      ;
;     -- arithmetic mode                      ; 1955      ;
;                                             ;           ;
; Total registers                             ; 882       ;
;     -- Dedicated logic registers            ; 882       ;
;     -- I/O registers                        ; 0         ;
;                                             ;           ;
; I/O pins                                    ; 51        ;
; Embedded Multiplier 9-bit elements          ; 0         ;
; Maximum fan-out node                        ; clk~input ;
; Maximum fan-out                             ; 882       ;
; Total fan-out                               ; 17090     ;
; Average fan-out                             ; 3.04      ;
+---------------------------------------------+-----------+


+-------------------------------------------------------------------------------------------------------------------------------------------------------------------------------------------------------------------------------------------------------------------------------------------------------------+
; Analysis & Synthesis Resource Utilization by Entity                                                                                                                                                                                                                                                         ;
+------------------------------------------------+-------------------+--------------+-------------+--------------+---------+-----------+------+--------------+---------------------------------------------------------------------------------------------------------------------------------+--------------+
; Compilation Hierarchy Node                     ; LC Combinationals ; LC Registers ; Memory Bits ; DSP Elements ; DSP 9x9 ; DSP 18x18 ; Pins ; Virtual Pins ; Full Hierarchy Name                                                                                                             ; Library Name ;
+------------------------------------------------+-------------------+--------------+-------------+--------------+---------+-----------+------+--------------+---------------------------------------------------------------------------------------------------------------------------------+--------------+
; |whack_a_mole                                  ; 4623 (1323)       ; 882 (486)    ; 0           ; 0            ; 0       ; 0         ; 51   ; 0            ; |whack_a_mole                                                                                                                   ;              ;
;    |debounce:\dbc_hammers_gen:0:dbc_hammers_X| ; 43 (43)           ; 33 (33)      ; 0           ; 0            ; 0       ; 0         ; 0    ; 0            ; |whack_a_mole|debounce:\dbc_hammers_gen:0:dbc_hammers_X                                                                         ;              ;
;    |debounce:\dbc_hammers_gen:1:dbc_hammers_X| ; 43 (43)           ; 33 (33)      ; 0           ; 0            ; 0       ; 0         ; 0    ; 0            ; |whack_a_mole|debounce:\dbc_hammers_gen:1:dbc_hammers_X                                                                         ;              ;
;    |debounce:\dbc_hammers_gen:2:dbc_hammers_X| ; 43 (43)           ; 33 (33)      ; 0           ; 0            ; 0       ; 0         ; 0    ; 0            ; |whack_a_mole|debounce:\dbc_hammers_gen:2:dbc_hammers_X                                                                         ;              ;
;    |debounce:\dbc_hammers_gen:3:dbc_hammers_X| ; 43 (43)           ; 33 (33)      ; 0           ; 0            ; 0       ; 0         ; 0    ; 0            ; |whack_a_mole|debounce:\dbc_hammers_gen:3:dbc_hammers_X                                                                         ;              ;
;    |debounce:\dbc_hammers_gen:4:dbc_hammers_X| ; 43 (43)           ; 33 (33)      ; 0           ; 0            ; 0       ; 0         ; 0    ; 0            ; |whack_a_mole|debounce:\dbc_hammers_gen:4:dbc_hammers_X                                                                         ;              ;
;    |debounce:\dbc_hammers_gen:5:dbc_hammers_X| ; 43 (43)           ; 33 (33)      ; 0           ; 0            ; 0       ; 0         ; 0    ; 0            ; |whack_a_mole|debounce:\dbc_hammers_gen:5:dbc_hammers_X                                                                         ;              ;
;    |debounce:\dbc_hammers_gen:6:dbc_hammers_X| ; 43 (43)           ; 33 (33)      ; 0           ; 0            ; 0       ; 0         ; 0    ; 0            ; |whack_a_mole|debounce:\dbc_hammers_gen:6:dbc_hammers_X                                                                         ;              ;
;    |debounce:\dbc_hammers_gen:7:dbc_hammers_X| ; 43 (43)           ; 33 (33)      ; 0           ; 0            ; 0       ; 0         ; 0    ; 0            ; |whack_a_mole|debounce:\dbc_hammers_gen:7:dbc_hammers_X                                                                         ;              ;
;    |debounce:\dbc_hammers_gen:8:dbc_hammers_X| ; 43 (43)           ; 33 (33)      ; 0           ; 0            ; 0       ; 0         ; 0    ; 0            ; |whack_a_mole|debounce:\dbc_hammers_gen:8:dbc_hammers_X                                                                         ;              ;
;    |debounce:\dbc_hammers_gen:9:dbc_hammers_X| ; 43 (43)           ; 33 (33)      ; 0           ; 0            ; 0       ; 0         ; 0    ; 0            ; |whack_a_mole|debounce:\dbc_hammers_gen:9:dbc_hammers_X                                                                         ;              ;
;    |debounce:dbc_rst|                          ; 43 (43)           ; 33 (33)      ; 0           ; 0            ; 0       ; 0         ; 0    ; 0            ; |whack_a_mole|debounce:dbc_rst                                                                                                  ;              ;
;    |debounce:dbc_startGame|                    ; 43 (43)           ; 33 (33)      ; 0           ; 0            ; 0       ; 0         ; 0    ; 0            ; |whack_a_mole|debounce:dbc_startGame                                                                                            ;              ;
;    |lpm_divide:Div0|                           ; 1195 (0)          ; 0 (0)        ; 0           ; 0            ; 0       ; 0         ; 0    ; 0            ; |whack_a_mole|lpm_divide:Div0                                                                                                   ;              ;
;       |lpm_divide_01p:auto_generated|          ; 1195 (0)          ; 0 (0)        ; 0           ; 0            ; 0       ; 0         ; 0    ; 0            ; |whack_a_mole|lpm_divide:Div0|lpm_divide_01p:auto_generated                                                                     ;              ;
;          |abs_divider_4dg:divider|             ; 1195 (63)         ; 0 (0)        ; 0           ; 0            ; 0       ; 0         ; 0    ; 0            ; |whack_a_mole|lpm_divide:Div0|lpm_divide_01p:auto_generated|abs_divider_4dg:divider                                             ;              ;
;             |alt_u_div_t8f:divider|            ; 1067 (1066)       ; 0 (0)        ; 0           ; 0            ; 0       ; 0         ; 0    ; 0            ; |whack_a_mole|lpm_divide:Div0|lpm_divide_01p:auto_generated|abs_divider_4dg:divider|alt_u_div_t8f:divider                       ;              ;
;                |add_sub_vnc:add_sub_1|         ; 1 (1)             ; 0 (0)        ; 0           ; 0            ; 0       ; 0         ; 0    ; 0            ; |whack_a_mole|lpm_divide:Div0|lpm_divide_01p:auto_generated|abs_divider_4dg:divider|alt_u_div_t8f:divider|add_sub_vnc:add_sub_1 ;              ;
;             |lpm_abs_9v9:my_abs_den|           ; 65 (65)           ; 0 (0)        ; 0           ; 0            ; 0       ; 0         ; 0    ; 0            ; |whack_a_mole|lpm_divide:Div0|lpm_divide_01p:auto_generated|abs_divider_4dg:divider|lpm_abs_9v9:my_abs_den                      ;              ;
;    |lpm_divide:Mod0|                           ; 1589 (0)          ; 0 (0)        ; 0           ; 0            ; 0       ; 0         ; 0    ; 0            ; |whack_a_mole|lpm_divide:Mod0                                                                                                   ;              ;
;       |lpm_divide_cbm:auto_generated|          ; 1589 (0)          ; 0 (0)        ; 0           ; 0            ; 0       ; 0         ; 0    ; 0            ; |whack_a_mole|lpm_divide:Mod0|lpm_divide_cbm:auto_generated                                                                     ;              ;
;          |sign_div_unsign_anh:divider|         ; 1589 (0)          ; 0 (0)        ; 0           ; 0            ; 0       ; 0         ; 0    ; 0            ; |whack_a_mole|lpm_divide:Mod0|lpm_divide_cbm:auto_generated|sign_div_unsign_anh:divider                                         ;              ;
;             |alt_u_div_v8f:divider|            ; 1589 (1589)       ; 0 (0)        ; 0           ; 0            ; 0       ; 0         ; 0    ; 0            ; |whack_a_mole|lpm_divide:Mod0|lpm_divide_cbm:auto_generated|sign_div_unsign_anh:divider|alt_u_div_v8f:divider                   ;              ;
+------------------------------------------------+-------------------+--------------+-------------+--------------+---------+-----------+------+--------------+---------------------------------------------------------------------------------------------------------------------------------+--------------+
Note: For table entries with two numbers listed, the numbers in parentheses indicate the number of resources of the given type used by the specific entity alone. The numbers listed outside of parentheses indicate the total resources of the given type used by the specific entity and all of its sub-entities in the hierarchy.


+---------------------------------------------------------------------------------+
; Registers Removed During Synthesis                                              ;
+----------------------------------------+----------------------------------------+
; Register name                          ; Reason for Removal                     ;
+----------------------------------------+----------------------------------------+
; highScore[7]                           ; Stuck at GND due to stuck port data_in ;
; currentScore[7]                        ; Stuck at GND due to stuck port data_in ;
; \gameControl:speed[31]                 ; Merged with moleVelocity[31]           ;
; \gameControl:speed[30]                 ; Merged with moleVelocity[30]           ;
; \gameControl:speed[29]                 ; Merged with moleVelocity[29]           ;
; \gameControl:speed[28]                 ; Merged with moleVelocity[28]           ;
; \gameControl:speed[27]                 ; Merged with moleVelocity[27]           ;
; \gameControl:speed[26]                 ; Merged with moleVelocity[26]           ;
; \gameControl:speed[25]                 ; Merged with moleVelocity[25]           ;
; \gameControl:speed[24]                 ; Merged with moleVelocity[24]           ;
; \gameControl:speed[23]                 ; Merged with moleVelocity[23]           ;
; \gameControl:speed[22]                 ; Merged with moleVelocity[22]           ;
; \gameControl:speed[21]                 ; Merged with moleVelocity[21]           ;
; \gameControl:speed[20]                 ; Merged with moleVelocity[20]           ;
; \gameControl:speed[19]                 ; Merged with moleVelocity[19]           ;
; \gameControl:speed[18]                 ; Merged with moleVelocity[18]           ;
; \gameControl:speed[17]                 ; Merged with moleVelocity[17]           ;
; \gameControl:speed[16]                 ; Merged with moleVelocity[16]           ;
; \gameControl:speed[15]                 ; Merged with moleVelocity[15]           ;
; \gameControl:speed[14]                 ; Merged with moleVelocity[14]           ;
; \gameControl:speed[13]                 ; Merged with moleVelocity[13]           ;
; \gameControl:speed[12]                 ; Merged with moleVelocity[12]           ;
; \gameControl:speed[11]                 ; Merged with moleVelocity[11]           ;
; \gameControl:speed[10]                 ; Merged with moleVelocity[10]           ;
; \gameControl:speed[9]                  ; Merged with moleVelocity[9]            ;
; \gameControl:speed[8]                  ; Merged with moleVelocity[8]            ;
; \gameControl:speed[7]                  ; Merged with moleVelocity[7]            ;
; \gameControl:speed[6]                  ; Merged with moleVelocity[6]            ;
; \gameControl:speed[5]                  ; Merged with moleVelocity[5]            ;
; \gameControl:speed[4]                  ; Merged with moleVelocity[4]            ;
; \gameControl:speed[3]                  ; Merged with moleVelocity[3]            ;
; \gameControl:speed[2]                  ; Merged with moleVelocity[2]            ;
; \gameControl:speed[1]                  ; Merged with moleVelocity[1]            ;
; \gameControl:speed[0]                  ; Merged with moleVelocity[0]            ;
; seed[1]                                ; Stuck at GND due to stuck port data_in ;
; Total Number of Removed Registers = 35 ;                                        ;
+----------------------------------------+----------------------------------------+


+------------------------------------------------------+
; General Register Statistics                          ;
+----------------------------------------------+-------+
; Statistic                                    ; Value ;
+----------------------------------------------+-------+
; Total registers                              ; 882   ;
; Number of registers using Synchronous Clear  ; 12    ;
; Number of registers using Synchronous Load   ; 1     ;
; Number of registers using Asynchronous Clear ; 728   ;
; Number of registers using Asynchronous Load  ; 0     ;
; Number of registers using Clock Enable       ; 844   ;
; Number of registers using Preset             ; 0     ;
+----------------------------------------------+-------+


+--------------------------------------------------+
; Inverted Register Statistics                     ;
+----------------------------------------+---------+
; Inverted Register                      ; Fan out ;
+----------------------------------------+---------+
; moleVelocity[0]                        ; 55      ;
; moleVelocity[31]                       ; 98      ;
; seed[0]                                ; 5       ;
; \gameControl:counterTotal[0]           ; 2       ;
; \gameControl:counterTotal[31]          ; 35      ;
; \gameControl:counterStepUpSpeed[0]     ; 2       ;
; \gameControl:counterStepUpSpeed[31]    ; 36      ;
; Total number of inverted registers = 7 ;         ;
+----------------------------------------+---------+


+-----------------------------------------------------------------------------------------------------------------------------------------------------------------+
; Multiplexer Restructuring Statistics (Restructuring Performed)                                                                                                  ;
+--------------------+-----------+---------------+----------------------+------------------------+------------+---------------------------------------------------+
; Multiplexer Inputs ; Bus Width ; Baseline Area ; Area if Restructured ; Saving if Restructured ; Registered ; Example Multiplexer Output                        ;
+--------------------+-----------+---------------+----------------------+------------------------+------------+---------------------------------------------------+
; 3:1                ; 7 bits    ; 14 LEs        ; 7 LEs                ; 7 LEs                  ; Yes        ; |whack_a_mole|score[6]                            ;
; 3:1                ; 7 bits    ; 14 LEs        ; 7 LEs                ; 7 LEs                  ; Yes        ; |whack_a_mole|currentScore_s[1]                   ;
; 5:1                ; 30 bits   ; 90 LEs        ; 30 LEs               ; 60 LEs                 ; Yes        ; |whack_a_mole|\gameControl:counterTotal[7]        ;
; 5:1                ; 28 bits   ; 84 LEs        ; 56 LEs               ; 28 LEs                 ; Yes        ; |whack_a_mole|eachMoleOnTime[0][21]               ;
; 5:1                ; 28 bits   ; 84 LEs        ; 56 LEs               ; 28 LEs                 ; Yes        ; |whack_a_mole|eachMoleOnTime[1][3]                ;
; 5:1                ; 28 bits   ; 84 LEs        ; 56 LEs               ; 28 LEs                 ; Yes        ; |whack_a_mole|eachMoleOnTime[2][2]                ;
; 5:1                ; 28 bits   ; 84 LEs        ; 56 LEs               ; 28 LEs                 ; Yes        ; |whack_a_mole|eachMoleOnTime[3][1]                ;
; 5:1                ; 28 bits   ; 84 LEs        ; 56 LEs               ; 28 LEs                 ; Yes        ; |whack_a_mole|eachMoleOnTime[4][0]                ;
; 5:1                ; 28 bits   ; 84 LEs        ; 56 LEs               ; 28 LEs                 ; Yes        ; |whack_a_mole|eachMoleOnTime[5][10]               ;
; 5:1                ; 28 bits   ; 84 LEs        ; 56 LEs               ; 28 LEs                 ; Yes        ; |whack_a_mole|eachMoleOnTime[6][22]               ;
; 5:1                ; 28 bits   ; 84 LEs        ; 56 LEs               ; 28 LEs                 ; Yes        ; |whack_a_mole|eachMoleOnTime[7][13]               ;
; 5:1                ; 28 bits   ; 84 LEs        ; 56 LEs               ; 28 LEs                 ; Yes        ; |whack_a_mole|eachMoleOnTime[8][14]               ;
; 5:1                ; 28 bits   ; 84 LEs        ; 56 LEs               ; 28 LEs                 ; Yes        ; |whack_a_mole|eachMoleOnTime[9][10]               ;
; 6:1                ; 30 bits   ; 120 LEs       ; 30 LEs               ; 90 LEs                 ; Yes        ; |whack_a_mole|\gameControl:counterStepUpSpeed[18] ;
; 7:1                ; 30 bits   ; 120 LEs       ; 30 LEs               ; 90 LEs                 ; Yes        ; |whack_a_mole|moleVelocity[3]                     ;
; 5:1                ; 2 bits    ; 6 LEs         ; 2 LEs                ; 4 LEs                  ; Yes        ; |whack_a_mole|\gameControl:counterTotal[31]       ;
; 6:1                ; 2 bits    ; 8 LEs         ; 2 LEs                ; 6 LEs                  ; Yes        ; |whack_a_mole|\gameControl:counterStepUpSpeed[31] ;
; 7:1                ; 2 bits    ; 8 LEs         ; 4 LEs                ; 4 LEs                  ; Yes        ; |whack_a_mole|moleVelocity[0]                     ;
; 16:1               ; 2 bits    ; 20 LEs        ; 16 LEs               ; 4 LEs                  ; No         ; |whack_a_mole|Current_Score                       ;
; 16:1               ; 2 bits    ; 20 LEs        ; 16 LEs               ; 4 LEs                  ; No         ; |whack_a_mole|high_Score                          ;
+--------------------+-----------+---------------+----------------------+------------------------+------------+---------------------------------------------------+


+------------------------------------------------------------------------------+
; Parameter Settings for User Entity Instance: Top-level Entity: |whack_a_mole ;
+-------------------+----------+-----------------------------------------------+
; Parameter Name    ; Value    ; Type                                          ;
+-------------------+----------+-----------------------------------------------+
; freq_clk          ; 50000000 ; Signed Integer                                ;
; NUM_HOLES         ; 10       ; Signed Integer                                ;
; MAX_GAME_LEVEL    ; 10       ; Signed Integer                                ;
; GAME_TIME_SECONDS ; 20       ; Signed Integer                                ;
; NUM_SEG_DISPLAY   ; 7        ; Signed Integer                                ;
; MIN_VALUE         ; 0        ; Signed Integer                                ;
; MAX_VALUE         ; 99       ; Signed Integer                                ;
+-------------------+----------+-----------------------------------------------+
Note: In order to hide this table in the UI and the text report file, please set the "Show Parameter Settings in Synthesis Report" option in "Analysis and Synthesis Settings -> More Settings" to "Off".


+---------------------------------------------------------------+
; Parameter Settings for User Entity Instance: debounce:dbc_rst ;
+----------------+----------+-----------------------------------+
; Parameter Name ; Value    ; Type                              ;
+----------------+----------+-----------------------------------+
; time_ms        ; 100      ; Signed Integer                    ;
; freq_clk       ; 50000000 ; Signed Integer                    ;
+----------------+----------+-----------------------------------+
Note: In order to hide this table in the UI and the text report file, please set the "Show Parameter Settings in Synthesis Report" option in "Analysis and Synthesis Settings -> More Settings" to "Off".


+---------------------------------------------------------------------+
; Parameter Settings for User Entity Instance: debounce:dbc_startGame ;
+----------------+----------+-----------------------------------------+
; Parameter Name ; Value    ; Type                                    ;
+----------------+----------+-----------------------------------------+
; time_ms        ; 100      ; Signed Integer                          ;
; freq_clk       ; 50000000 ; Signed Integer                          ;
+----------------+----------+-----------------------------------------+
Note: In order to hide this table in the UI and the text report file, please set the "Show Parameter Settings in Synthesis Report" option in "Analysis and Synthesis Settings -> More Settings" to "Off".


+----------------------------------------------------------------------------------------+
; Parameter Settings for User Entity Instance: debounce:\dbc_hammers_gen:0:dbc_hammers_X ;
+----------------+----------+------------------------------------------------------------+
; Parameter Name ; Value    ; Type                                                       ;
+----------------+----------+------------------------------------------------------------+
; time_ms        ; 100      ; Signed Integer                                             ;
; freq_clk       ; 50000000 ; Signed Integer                                             ;
+----------------+----------+------------------------------------------------------------+
Note: In order to hide this table in the UI and the text report file, please set the "Show Parameter Settings in Synthesis Report" option in "Analysis and Synthesis Settings -> More Settings" to "Off".


+----------------------------------------------------------------------------------------+
; Parameter Settings for User Entity Instance: debounce:\dbc_hammers_gen:1:dbc_hammers_X ;
+----------------+----------+------------------------------------------------------------+
; Parameter Name ; Value    ; Type                                                       ;
+----------------+----------+------------------------------------------------------------+
; time_ms        ; 100      ; Signed Integer                                             ;
; freq_clk       ; 50000000 ; Signed Integer                                             ;
+----------------+----------+------------------------------------------------------------+
Note: In order to hide this table in the UI and the text report file, please set the "Show Parameter Settings in Synthesis Report" option in "Analysis and Synthesis Settings -> More Settings" to "Off".


+----------------------------------------------------------------------------------------+
; Parameter Settings for User Entity Instance: debounce:\dbc_hammers_gen:2:dbc_hammers_X ;
+----------------+----------+------------------------------------------------------------+
; Parameter Name ; Value    ; Type                                                       ;
+----------------+----------+------------------------------------------------------------+
; time_ms        ; 100      ; Signed Integer                                             ;
; freq_clk       ; 50000000 ; Signed Integer                                             ;
+----------------+----------+------------------------------------------------------------+
Note: In order to hide this table in the UI and the text report file, please set the "Show Parameter Settings in Synthesis Report" option in "Analysis and Synthesis Settings -> More Settings" to "Off".


+----------------------------------------------------------------------------------------+
; Parameter Settings for User Entity Instance: debounce:\dbc_hammers_gen:3:dbc_hammers_X ;
+----------------+----------+------------------------------------------------------------+
; Parameter Name ; Value    ; Type                                                       ;
+----------------+----------+------------------------------------------------------------+
; time_ms        ; 100      ; Signed Integer                                             ;
; freq_clk       ; 50000000 ; Signed Integer                                             ;
+----------------+----------+------------------------------------------------------------+
Note: In order to hide this table in the UI and the text report file, please set the "Show Parameter Settings in Synthesis Report" option in "Analysis and Synthesis Settings -> More Settings" to "Off".


+----------------------------------------------------------------------------------------+
; Parameter Settings for User Entity Instance: debounce:\dbc_hammers_gen:4:dbc_hammers_X ;
+----------------+----------+------------------------------------------------------------+
; Parameter Name ; Value    ; Type                                                       ;
+----------------+----------+------------------------------------------------------------+
; time_ms        ; 100      ; Signed Integer                                             ;
; freq_clk       ; 50000000 ; Signed Integer                                             ;
+----------------+----------+------------------------------------------------------------+
Note: In order to hide this table in the UI and the text report file, please set the "Show Parameter Settings in Synthesis Report" option in "Analysis and Synthesis Settings -> More Settings" to "Off".


+----------------------------------------------------------------------------------------+
; Parameter Settings for User Entity Instance: debounce:\dbc_hammers_gen:5:dbc_hammers_X ;
+----------------+----------+------------------------------------------------------------+
; Parameter Name ; Value    ; Type                                                       ;
+----------------+----------+------------------------------------------------------------+
; time_ms        ; 100      ; Signed Integer                                             ;
; freq_clk       ; 50000000 ; Signed Integer                                             ;
+----------------+----------+------------------------------------------------------------+
Note: In order to hide this table in the UI and the text report file, please set the "Show Parameter Settings in Synthesis Report" option in "Analysis and Synthesis Settings -> More Settings" to "Off".


+----------------------------------------------------------------------------------------+
; Parameter Settings for User Entity Instance: debounce:\dbc_hammers_gen:6:dbc_hammers_X ;
+----------------+----------+------------------------------------------------------------+
; Parameter Name ; Value    ; Type                                                       ;
+----------------+----------+------------------------------------------------------------+
; time_ms        ; 100      ; Signed Integer                                             ;
; freq_clk       ; 50000000 ; Signed Integer                                             ;
+----------------+----------+------------------------------------------------------------+
Note: In order to hide this table in the UI and the text report file, please set the "Show Parameter Settings in Synthesis Report" option in "Analysis and Synthesis Settings -> More Settings" to "Off".


+----------------------------------------------------------------------------------------+
; Parameter Settings for User Entity Instance: debounce:\dbc_hammers_gen:7:dbc_hammers_X ;
+----------------+----------+------------------------------------------------------------+
; Parameter Name ; Value    ; Type                                                       ;
+----------------+----------+------------------------------------------------------------+
; time_ms        ; 100      ; Signed Integer                                             ;
; freq_clk       ; 50000000 ; Signed Integer                                             ;
+----------------+----------+------------------------------------------------------------+
Note: In order to hide this table in the UI and the text report file, please set the "Show Parameter Settings in Synthesis Report" option in "Analysis and Synthesis Settings -> More Settings" to "Off".


+----------------------------------------------------------------------------------------+
; Parameter Settings for User Entity Instance: debounce:\dbc_hammers_gen:8:dbc_hammers_X ;
+----------------+----------+------------------------------------------------------------+
; Parameter Name ; Value    ; Type                                                       ;
+----------------+----------+------------------------------------------------------------+
; time_ms        ; 100      ; Signed Integer                                             ;
; freq_clk       ; 50000000 ; Signed Integer                                             ;
+----------------+----------+------------------------------------------------------------+
Note: In order to hide this table in the UI and the text report file, please set the "Show Parameter Settings in Synthesis Report" option in "Analysis and Synthesis Settings -> More Settings" to "Off".


+----------------------------------------------------------------------------------------+
; Parameter Settings for User Entity Instance: debounce:\dbc_hammers_gen:9:dbc_hammers_X ;
+----------------+----------+------------------------------------------------------------+
; Parameter Name ; Value    ; Type                                                       ;
+----------------+----------+------------------------------------------------------------+
; time_ms        ; 100      ; Signed Integer                                             ;
; freq_clk       ; 50000000 ; Signed Integer                                             ;
+----------------+----------+------------------------------------------------------------+
Note: In order to hide this table in the UI and the text report file, please set the "Show Parameter Settings in Synthesis Report" option in "Analysis and Synthesis Settings -> More Settings" to "Off".


+------------------------------------------------------------------+
; Parameter Settings for Inferred Entity Instance: lpm_divide:Div0 ;
+------------------------+----------------+------------------------+
; Parameter Name         ; Value          ; Type                   ;
+------------------------+----------------+------------------------+
; LPM_WIDTHN             ; 32             ; Untyped                ;
; LPM_WIDTHD             ; 32             ; Untyped                ;
; LPM_NREPRESENTATION    ; SIGNED         ; Untyped                ;
; LPM_DREPRESENTATION    ; SIGNED         ; Untyped                ;
; LPM_PIPELINE           ; 0              ; Untyped                ;
; LPM_REMAINDERPOSITIVE  ; FALSE          ; Untyped                ;
; MAXIMIZE_SPEED         ; 5              ; Untyped                ;
; CBXI_PARAMETER         ; lpm_divide_01p ; Untyped                ;
; CARRY_CHAIN            ; MANUAL         ; Untyped                ;
; OPTIMIZE_FOR_SPEED     ; 5              ; Untyped                ;
; AUTO_CARRY_CHAINS      ; ON             ; AUTO_CARRY             ;
; IGNORE_CARRY_BUFFERS   ; OFF            ; IGNORE_CARRY           ;
; AUTO_CASCADE_CHAINS    ; ON             ; AUTO_CASCADE           ;
; IGNORE_CASCADE_BUFFERS ; OFF            ; IGNORE_CASCADE         ;
+------------------------+----------------+------------------------+
Note: In order to hide this table in the UI and the text report file, please set the "Show Parameter Settings in Synthesis Report" option in "Analysis and Synthesis Settings -> More Settings" to "Off".


+------------------------------------------------------------------+
; Parameter Settings for Inferred Entity Instance: lpm_divide:Mod0 ;
+------------------------+----------------+------------------------+
; Parameter Name         ; Value          ; Type                   ;
+------------------------+----------------+------------------------+
; LPM_WIDTHN             ; 33             ; Untyped                ;
; LPM_WIDTHD             ; 32             ; Untyped                ;
; LPM_NREPRESENTATION    ; UNSIGNED       ; Untyped                ;
; LPM_DREPRESENTATION    ; UNSIGNED       ; Untyped                ;
; LPM_PIPELINE           ; 0              ; Untyped                ;
; LPM_REMAINDERPOSITIVE  ; TRUE           ; Untyped                ;
; MAXIMIZE_SPEED         ; 5              ; Untyped                ;
; CBXI_PARAMETER         ; lpm_divide_cbm ; Untyped                ;
; CARRY_CHAIN            ; MANUAL         ; Untyped                ;
; OPTIMIZE_FOR_SPEED     ; 5              ; Untyped                ;
; AUTO_CARRY_CHAINS      ; ON             ; AUTO_CARRY             ;
; IGNORE_CARRY_BUFFERS   ; OFF            ; IGNORE_CARRY           ;
; AUTO_CASCADE_CHAINS    ; ON             ; AUTO_CASCADE           ;
; IGNORE_CASCADE_BUFFERS ; OFF            ; IGNORE_CASCADE         ;
+------------------------+----------------+------------------------+
Note: In order to hide this table in the UI and the text report file, please set the "Show Parameter Settings in Synthesis Report" option in "Analysis and Synthesis Settings -> More Settings" to "Off".


+-------------------------------+
; Elapsed Time Per Partition    ;
+----------------+--------------+
; Partition Name ; Elapsed Time ;
+----------------+--------------+
; Top            ; 00:00:08     ;
+----------------+--------------+


+-------------------------------+
; Analysis & Synthesis Messages ;
+-------------------------------+
Info: *******************************************************************
Info: Running Quartus II 64-Bit Analysis & Synthesis
    Info: Version 13.0.0 Build 156 04/24/2013 SJ Web Edition
    Info: Processing started: Wed Jun 12 19:01:47 2019
Info: Command: quartus_map --read_settings_files=on --write_settings_files=off whack_a_mole -c whack_a_mole
Warning (20028): Parallel compilation is not licensed and has been disabled
Info (12021): Found 2 design units, including 1 entities, in source file debounce.vhd
    Info (12022): Found design unit 1: debounce-arch
    Info (12023): Found entity 1: debounce
Info (12021): Found 2 design units, including 1 entities, in source file whack_a_mole.vhd
    Info (12022): Found design unit 1: whack_a_mole-arch
    Info (12023): Found entity 1: whack_a_mole
Info (12127): Elaborating entity "whack_a_mole" for the top level hierarchy
Info (12128): Elaborating entity "debounce" for hierarchy "debounce:dbc_rst"
Info (278001): Inferred 2 megafunctions from design logic
    Info (278004): Inferred divider/modulo megafunction ("lpm_divide") from the following logic: "Div0"
    Info (278004): Inferred divider/modulo megafunction ("lpm_divide") from the following logic: "Mod0"
Info (12130): Elaborated megafunction instantiation "lpm_divide:Div0"
Info (12133): Instantiated megafunction "lpm_divide:Div0" with the following parameter:
    Info (12134): Parameter "LPM_WIDTHN" = "32"
    Info (12134): Parameter "LPM_WIDTHD" = "32"
    Info (12134): Parameter "LPM_NREPRESENTATION" = "SIGNED"
    Info (12134): Parameter "LPM_DREPRESENTATION" = "SIGNED"
    Info (12134): Parameter "LPM_HINT" = "LPM_REMAINDERPOSITIVE=FALSE"
Info (12021): Found 1 design units, including 1 entities, in source file db/lpm_divide_01p.tdf
    Info (12023): Found entity 1: lpm_divide_01p
Info (12021): Found 1 design units, including 1 entities, in source file db/abs_divider_4dg.tdf
    Info (12023): Found entity 1: abs_divider_4dg
Info (12021): Found 1 design units, including 1 entities, in source file db/alt_u_div_t8f.tdf
    Info (12023): Found entity 1: alt_u_div_t8f
Info (12021): Found 1 design units, including 1 entities, in source file db/add_sub_unc.tdf
    Info (12023): Found entity 1: add_sub_unc
Info (12021): Found 1 design units, including 1 entities, in source file db/add_sub_vnc.tdf
    Info (12023): Found entity 1: add_sub_vnc
Info (12021): Found 1 design units, including 1 entities, in source file db/lpm_abs_9v9.tdf
    Info (12023): Found entity 1: lpm_abs_9v9
Info (12130): Elaborated megafunction instantiation "lpm_divide:Mod0"
Info (12133): Instantiated megafunction "lpm_divide:Mod0" with the following parameter:
    Info (12134): Parameter "LPM_WIDTHN" = "33"
    Info (12134): Parameter "LPM_WIDTHD" = "32"
    Info (12134): Parameter "LPM_NREPRESENTATION" = "UNSIGNED"
    Info (12134): Parameter "LPM_DREPRESENTATION" = "UNSIGNED"
Info (12021): Found 1 design units, including 1 entities, in source file db/lpm_divide_cbm.tdf
    Info (12023): Found entity 1: lpm_divide_cbm
Info (12021): Found 1 design units, including 1 entities, in source file db/sign_div_unsign_anh.tdf
    Info (12023): Found entity 1: sign_div_unsign_anh
Info (12021): Found 1 design units, including 1 entities, in source file db/alt_u_div_v8f.tdf
    Info (12023): Found entity 1: alt_u_div_v8f
Info (13014): Ignored 31 buffer(s)
    Info (13016): Ignored 31 CARRY_SUM buffer(s)
Info (286030): Timing-Driven Synthesis is running
Info (17016): Found the following redundant logic cells in design
    Info (17048): Logic cell "lpm_divide:Div0|lpm_divide_01p:auto_generated|abs_divider_4dg:divider|alt_u_div_t8f:divider|add_sub_5_result_int[0]~12"
    Info (17048): Logic cell "lpm_divide:Div0|lpm_divide_01p:auto_generated|abs_divider_4dg:divider|alt_u_div_t8f:divider|add_sub_7_result_int[0]~16"
    Info (17048): Logic cell "lpm_divide:Div0|lpm_divide_01p:auto_generated|abs_divider_4dg:divider|alt_u_div_t8f:divider|add_sub_8_result_int[0]~18"
    Info (17048): Logic cell "lpm_divide:Div0|lpm_divide_01p:auto_generated|abs_divider_4dg:divider|alt_u_div_t8f:divider|add_sub_9_result_int[0]~20"
    Info (17048): Logic cell "lpm_divide:Div0|lpm_divide_01p:auto_generated|abs_divider_4dg:divider|alt_u_div_t8f:divider|add_sub_10_result_int[0]~22"
    Info (17048): Logic cell "lpm_divide:Div0|lpm_divide_01p:auto_generated|abs_divider_4dg:divider|alt_u_div_t8f:divider|add_sub_11_result_int[0]~24"
    Info (17048): Logic cell "lpm_divide:Div0|lpm_divide_01p:auto_generated|abs_divider_4dg:divider|alt_u_div_t8f:divider|add_sub_13_result_int[0]~28"
    Info (17048): Logic cell "lpm_divide:Div0|lpm_divide_01p:auto_generated|abs_divider_4dg:divider|alt_u_div_t8f:divider|add_sub_15_result_int[0]~32"
    Info (17048): Logic cell "lpm_divide:Div0|lpm_divide_01p:auto_generated|abs_divider_4dg:divider|alt_u_div_t8f:divider|add_sub_16_result_int[0]~34"
    Info (17048): Logic cell "lpm_divide:Div0|lpm_divide_01p:auto_generated|abs_divider_4dg:divider|alt_u_div_t8f:divider|add_sub_17_result_int[0]~36"
    Info (17048): Logic cell "lpm_divide:Div0|lpm_divide_01p:auto_generated|abs_divider_4dg:divider|alt_u_div_t8f:divider|add_sub_18_result_int[0]~38"
    Info (17048): Logic cell "lpm_divide:Div0|lpm_divide_01p:auto_generated|abs_divider_4dg:divider|alt_u_div_t8f:divider|add_sub_23_result_int[0]~48"
Info (16010): Generating hard_block partition "hard_block:auto_generated_inst"
    Info (16011): Adding 0 node(s), including 0 DDIO, 0 PLL, 0 transceiver and 0 LCELL
Info (21057): Implemented 4707 device resources after synthesis - the final resource count might be different
    Info (21058): Implemented 13 input pins
    Info (21059): Implemented 38 output pins
    Info (21061): Implemented 4656 logic cells
Info: Quartus II 64-Bit Analysis & Synthesis was successful. 0 errors, 1 warning
    Info: Peak virtual memory: 543 megabytes
    Info: Processing ended: Wed Jun 12 19:01:57 2019
    Info: Elapsed time: 00:00:10
    Info: Total CPU time (on all processors): 00:00:10


