TimeQuest Timing Analyzer report for keys_to_display
Wed Apr 10 16:44:11 2019
Quartus II 64-Bit Version 13.0.0 Build 156 04/24/2013 SJ Web Edition


---------------------
; Table of Contents ;
---------------------
  1. Legal Notice
  2. TimeQuest Timing Analyzer Summary
  3. Parallel Compilation
  4. Clocks
  5. Slow 1200mV 85C Model Fmax Summary
  6. Timing Closure Recommendations
  7. Slow 1200mV 85C Model Setup Summary
  8. Slow 1200mV 85C Model Hold Summary
  9. Slow 1200mV 85C Model Recovery Summary
 10. Slow 1200mV 85C Model Removal Summary
 11. Slow 1200mV 85C Model Minimum Pulse Width Summary
 12. Propagation Delay
 13. Minimum Propagation Delay
 14. Slow 1200mV 85C Model Metastability Report
 15. Slow 1200mV 0C Model Fmax Summary
 16. Slow 1200mV 0C Model Setup Summary
 17. Slow 1200mV 0C Model Hold Summary
 18. Slow 1200mV 0C Model Recovery Summary
 19. Slow 1200mV 0C Model Removal Summary
 20. Slow 1200mV 0C Model Minimum Pulse Width Summary
 21. Propagation Delay
 22. Minimum Propagation Delay
 23. Slow 1200mV 0C Model Metastability Report
 24. Fast 1200mV 0C Model Setup Summary
 25. Fast 1200mV 0C Model Hold Summary
 26. Fast 1200mV 0C Model Recovery Summary
 27. Fast 1200mV 0C Model Removal Summary
 28. Fast 1200mV 0C Model Minimum Pulse Width Summary
 29. Propagation Delay
 30. Minimum Propagation Delay
 31. Fast 1200mV 0C Model Metastability Report
 32. Multicorner Timing Analysis Summary
 33. Progagation Delay
 34. Minimum Progagation Delay
 35. Board Trace Model Assignments
 36. Input Transition Times
 37. Slow Corner Signal Integrity Metrics
 38. Fast Corner Signal Integrity Metrics
 39. Clock Transfers
 40. Report TCCS
 41. Report RSKM
 42. Unconstrained Paths
 43. TimeQuest Timing Analyzer Messages



----------------
; Legal Notice ;
----------------
Copyright (C) 1991-2013 Altera Corporation
Your use of Altera Corporation's design tools, logic functions 
and other software and tools, and its AMPP partner logic 
functions, and any output files from any of the foregoing 
(including device programming or simulation files), and any 
associated documentation or information are expressly subject 
to the terms and conditions of the Altera Program License 
Subscription Agreement, Altera MegaCore Function License 
Agreement, or other applicable license agreement, including, 
without limitation, that your use is for the sole purpose of 
programming logic devices manufactured by Altera and sold by 
Altera or its authorized distributors.  Please refer to the 
applicable agreement for further details.



+-------------------------------------------------------------------------+
; TimeQuest Timing Analyzer Summary                                       ;
+--------------------+----------------------------------------------------+
; Quartus II Version ; Version 13.0.0 Build 156 04/24/2013 SJ Web Edition ;
; Revision Name      ; keys_to_display                                    ;
; Device Family      ; Cyclone III                                        ;
; Device Name        ; EP3C16F484C6                                       ;
; Timing Models      ; Final                                              ;
; Delay Model        ; Combined                                           ;
; Rise/Fall Delays   ; Enabled                                            ;
+--------------------+----------------------------------------------------+


Parallel compilation was disabled, but you have multiple processors available. Enable parallel compilation to reduce compilation time.
+-------------------------------------+
; Parallel Compilation                ;
+----------------------------+--------+
; Processors                 ; Number ;
+----------------------------+--------+
; Number detected on machine ; 4      ;
; Maximum allowed            ; 1      ;
+----------------------------+--------+


----------
; Clocks ;
----------
No clocks to report.


--------------------------------------
; Slow 1200mV 85C Model Fmax Summary ;
--------------------------------------
No paths to report.


----------------------------------
; Timing Closure Recommendations ;
----------------------------------
HTML report is unavailable in plain text report export.


---------------------------------------
; Slow 1200mV 85C Model Setup Summary ;
---------------------------------------
No paths to report.


--------------------------------------
; Slow 1200mV 85C Model Hold Summary ;
--------------------------------------
No paths to report.


------------------------------------------
; Slow 1200mV 85C Model Recovery Summary ;
------------------------------------------
No paths to report.


-----------------------------------------
; Slow 1200mV 85C Model Removal Summary ;
-----------------------------------------
No paths to report.


-----------------------------------------------------
; Slow 1200mV 85C Model Minimum Pulse Width Summary ;
-----------------------------------------------------
No paths to report.


+----------------------------------------------------------------------+
; Propagation Delay                                                    ;
+-----------------+----------------+--------+--------+--------+--------+
; Input Port      ; Output Port    ; RR     ; RF     ; FR     ; FF     ;
+-----------------+----------------+--------+--------+--------+--------+
; switch_input[0] ; leds_output[0] ; 10.043 ; 9.930  ; 10.428 ; 10.315 ;
; switch_input[0] ; leds_output[1] ; 10.629 ; 10.410 ; 11.014 ; 10.795 ;
; switch_input[0] ; leds_output[2] ; 10.225 ; 10.042 ; 10.610 ; 10.427 ;
; switch_input[0] ; leds_output[3] ; 9.345  ; 9.343  ; 9.761  ; 9.759  ;
; switch_input[0] ; leds_output[4] ; 10.597 ; 10.617 ; 11.013 ; 11.033 ;
; switch_input[0] ; leds_output[5] ; 10.220 ; 10.036 ; 10.605 ; 10.421 ;
; switch_input[0] ; leds_output[6] ; 11.006 ; 10.768 ; 11.391 ; 11.153 ;
; switch_input[0] ; leds_output[7] ; 10.659 ; 10.474 ; 11.044 ; 10.859 ;
; switch_input[1] ; leds_output[0] ; 9.947  ; 9.834  ; 10.324 ; 10.211 ;
; switch_input[1] ; leds_output[1] ; 10.533 ; 10.314 ; 10.910 ; 10.691 ;
; switch_input[1] ; leds_output[2] ; 10.129 ; 9.946  ; 10.506 ; 10.314 ;
; switch_input[1] ; leds_output[3] ; 9.113  ; 9.078  ; 9.489  ; 9.486  ;
; switch_input[1] ; leds_output[4] ; 10.332 ; 10.352 ; 10.740 ; 10.760 ;
; switch_input[1] ; leds_output[5] ; 10.124 ; 9.940  ; 10.501 ; 10.308 ;
; switch_input[1] ; leds_output[6] ; 10.910 ; 10.672 ; 11.287 ; 11.049 ;
; switch_input[1] ; leds_output[7] ; 10.563 ; 10.378 ; 10.940 ; 10.746 ;
; switch_input[2] ; leds_output[0] ; 9.697  ; 9.584  ; 10.085 ; 9.972  ;
; switch_input[2] ; leds_output[1] ; 10.283 ; 10.064 ; 10.671 ; 10.452 ;
; switch_input[2] ; leds_output[2] ; 9.879  ; 9.696  ; 10.267 ; 10.084 ;
; switch_input[2] ; leds_output[3] ; 9.008  ; 9.006  ; 9.400  ; 9.398  ;
; switch_input[2] ; leds_output[4] ; 10.260 ; 10.280 ; 10.652 ; 10.672 ;
; switch_input[2] ; leds_output[5] ; 9.874  ; 9.690  ; 10.262 ; 10.078 ;
; switch_input[2] ; leds_output[6] ; 10.660 ; 10.422 ; 11.048 ; 10.810 ;
; switch_input[2] ; leds_output[7] ; 10.313 ; 10.128 ; 10.701 ; 10.516 ;
; switch_input[3] ; leds_output[0] ; 10.525 ; 10.412 ; 10.942 ; 10.829 ;
; switch_input[3] ; leds_output[1] ; 11.111 ; 10.892 ; 11.528 ; 11.309 ;
; switch_input[3] ; leds_output[2] ; 10.707 ; 10.524 ; 11.124 ; 10.941 ;
; switch_input[3] ; leds_output[3] ; 9.691  ; 9.648  ; 10.108 ; 10.065 ;
; switch_input[3] ; leds_output[4] ; 10.632 ; 10.652 ; 11.049 ; 11.069 ;
; switch_input[3] ; leds_output[5] ; 10.702 ; 10.518 ; 11.119 ; 10.935 ;
; switch_input[3] ; leds_output[6] ; 11.488 ; 11.250 ; 11.905 ; 11.667 ;
; switch_input[3] ; leds_output[7] ; 11.141 ; 10.956 ; 11.558 ; 11.373 ;
; switch_input[4] ; leds_output[0] ; 10.699 ; 10.586 ; 11.088 ; 10.975 ;
; switch_input[4] ; leds_output[1] ; 11.285 ; 11.066 ; 11.674 ; 11.455 ;
; switch_input[4] ; leds_output[2] ; 10.881 ; 10.698 ; 11.270 ; 11.087 ;
; switch_input[4] ; leds_output[3] ; 9.865  ; 9.822  ; 10.254 ; 10.211 ;
; switch_input[4] ; leds_output[4] ; 10.806 ; 10.826 ; 11.195 ; 11.215 ;
; switch_input[4] ; leds_output[5] ; 10.876 ; 10.692 ; 11.265 ; 11.081 ;
; switch_input[4] ; leds_output[6] ; 11.662 ; 11.424 ; 12.051 ; 11.813 ;
; switch_input[4] ; leds_output[7] ; 11.315 ; 11.130 ; 11.704 ; 11.519 ;
; switch_input[5] ; leds_output[0] ; 10.730 ; 10.617 ; 11.140 ; 11.027 ;
; switch_input[5] ; leds_output[1] ; 11.316 ; 11.097 ; 11.726 ; 11.507 ;
; switch_input[5] ; leds_output[2] ; 10.912 ; 10.729 ; 11.322 ; 11.139 ;
; switch_input[5] ; leds_output[3] ; 9.896  ; 9.853  ; 10.306 ; 10.263 ;
; switch_input[5] ; leds_output[4] ; 10.837 ; 10.857 ; 11.247 ; 11.267 ;
; switch_input[5] ; leds_output[5] ; 10.907 ; 10.723 ; 11.317 ; 11.133 ;
; switch_input[5] ; leds_output[6] ; 11.693 ; 11.455 ; 12.103 ; 11.865 ;
; switch_input[5] ; leds_output[7] ; 11.346 ; 11.161 ; 11.756 ; 11.571 ;
; switch_input[6] ; leds_output[0] ; 9.193  ; 9.080  ; 9.649  ; 9.536  ;
; switch_input[6] ; leds_output[1] ; 9.779  ; 9.573  ; 10.235 ; 10.016 ;
; switch_input[6] ; leds_output[2] ; 9.375  ; 9.213  ; 9.831  ; 9.642  ;
; switch_input[6] ; leds_output[3] ; 8.973  ; 8.934  ; 9.433  ; 9.388  ;
; switch_input[6] ; leds_output[4] ; 9.006  ; 9.019  ; 9.461  ; 9.474  ;
; switch_input[6] ; leds_output[5] ; 9.370  ; 9.207  ; 9.826  ; 9.636  ;
; switch_input[6] ; leds_output[6] ; 10.156 ; 9.926  ; 10.612 ; 10.374 ;
; switch_input[6] ; leds_output[7] ; 9.809  ; 9.645  ; 10.265 ; 10.074 ;
; switch_input[7] ; leds_output[0] ; 9.370  ; 9.257  ; 9.790  ; 9.677  ;
; switch_input[7] ; leds_output[1] ; 9.956  ; 9.737  ; 10.376 ; 10.157 ;
; switch_input[7] ; leds_output[2] ; 9.552  ; 9.352  ; 9.972  ; 9.759  ;
; switch_input[7] ; leds_output[3] ; 9.131  ; 9.111  ; 9.549  ; 9.529  ;
; switch_input[7] ; leds_output[4] ; 9.189  ; 9.202  ; 9.608  ; 9.621  ;
; switch_input[7] ; leds_output[5] ; 9.547  ; 9.346  ; 9.967  ; 9.753  ;
; switch_input[7] ; leds_output[6] ; 10.333 ; 10.095 ; 10.753 ; 10.515 ;
; switch_input[7] ; leds_output[7] ; 9.986  ; 9.784  ; 10.406 ; 10.191 ;
; switch_input[8] ; leds_output[0] ; 9.369  ; 9.256  ; 9.790  ; 9.677  ;
; switch_input[8] ; leds_output[1] ; 9.955  ; 9.736  ; 10.376 ; 10.157 ;
; switch_input[8] ; leds_output[2] ; 9.551  ; 9.373  ; 9.972  ; 9.785  ;
; switch_input[8] ; leds_output[3] ; 8.556  ; 8.519  ; 8.972  ; 8.933  ;
; switch_input[8] ; leds_output[4] ; 9.006  ; 9.026  ; 9.413  ; 9.433  ;
; switch_input[8] ; leds_output[5] ; 9.546  ; 9.367  ; 9.967  ; 9.779  ;
; switch_input[8] ; leds_output[6] ; 10.332 ; 10.094 ; 10.753 ; 10.515 ;
; switch_input[8] ; leds_output[7] ; 9.985  ; 9.805  ; 10.406 ; 10.217 ;
; switch_input[9] ; leds_output[0] ; 9.714  ; 9.601  ; 10.138 ; 10.025 ;
; switch_input[9] ; leds_output[1] ; 10.300 ; 10.081 ; 10.724 ; 10.525 ;
; switch_input[9] ; leds_output[2] ; 9.896  ; 9.716  ; 10.320 ; 10.165 ;
; switch_input[9] ; leds_output[3] ; 8.292  ; 8.242  ; 8.743  ; 8.689  ;
; switch_input[9] ; leds_output[4] ; 9.097  ; 9.117  ; 9.546  ; 9.566  ;
; switch_input[9] ; leds_output[5] ; 9.891  ; 9.710  ; 10.315 ; 10.159 ;
; switch_input[9] ; leds_output[6] ; 10.677 ; 10.439 ; 11.101 ; 10.878 ;
; switch_input[9] ; leds_output[7] ; 10.330 ; 10.148 ; 10.754 ; 10.597 ;
+-----------------+----------------+--------+--------+--------+--------+


+------------------------------------------------------------------+
; Minimum Propagation Delay                                        ;
+-----------------+----------------+-------+-------+-------+-------+
; Input Port      ; Output Port    ; RR    ; RF    ; FR    ; FF    ;
+-----------------+----------------+-------+-------+-------+-------+
; switch_input[0] ; leds_output[0] ; 8.078 ; 8.074 ; 8.492 ; 8.488 ;
; switch_input[0] ; leds_output[1] ; 8.631 ; 8.541 ; 9.045 ; 8.955 ;
; switch_input[0] ; leds_output[2] ; 8.233 ; 8.184 ; 8.647 ; 8.598 ;
; switch_input[0] ; leds_output[3] ; 8.554 ; 8.521 ; 8.982 ; 8.940 ;
; switch_input[0] ; leds_output[4] ; 7.842 ; 7.817 ; 8.262 ; 8.228 ;
; switch_input[0] ; leds_output[5] ; 8.215 ; 8.180 ; 8.629 ; 8.594 ;
; switch_input[0] ; leds_output[6] ; 8.995 ; 8.885 ; 9.409 ; 9.299 ;
; switch_input[0] ; leds_output[7] ; 8.677 ; 8.609 ; 9.091 ; 9.023 ;
; switch_input[1] ; leds_output[0] ; 7.985 ; 7.981 ; 8.381 ; 8.377 ;
; switch_input[1] ; leds_output[1] ; 8.538 ; 8.448 ; 8.934 ; 8.844 ;
; switch_input[1] ; leds_output[2] ; 8.140 ; 8.091 ; 8.536 ; 8.487 ;
; switch_input[1] ; leds_output[3] ; 8.384 ; 8.351 ; 8.794 ; 8.752 ;
; switch_input[1] ; leds_output[4] ; 7.672 ; 7.647 ; 8.074 ; 8.040 ;
; switch_input[1] ; leds_output[5] ; 8.122 ; 8.087 ; 8.518 ; 8.483 ;
; switch_input[1] ; leds_output[6] ; 8.902 ; 8.792 ; 9.298 ; 9.188 ;
; switch_input[1] ; leds_output[7] ; 8.584 ; 8.516 ; 8.980 ; 8.912 ;
; switch_input[2] ; leds_output[0] ; 7.839 ; 7.835 ; 8.225 ; 8.221 ;
; switch_input[2] ; leds_output[1] ; 8.392 ; 8.302 ; 8.778 ; 8.688 ;
; switch_input[2] ; leds_output[2] ; 7.994 ; 7.945 ; 8.380 ; 8.331 ;
; switch_input[2] ; leds_output[3] ; 8.317 ; 8.284 ; 8.712 ; 8.670 ;
; switch_input[2] ; leds_output[4] ; 7.605 ; 7.580 ; 7.992 ; 7.958 ;
; switch_input[2] ; leds_output[5] ; 7.976 ; 7.941 ; 8.362 ; 8.327 ;
; switch_input[2] ; leds_output[6] ; 8.756 ; 8.646 ; 9.142 ; 9.032 ;
; switch_input[2] ; leds_output[7] ; 8.438 ; 8.370 ; 8.824 ; 8.756 ;
; switch_input[3] ; leds_output[0] ; 8.387 ; 8.382 ; 8.844 ; 8.839 ;
; switch_input[3] ; leds_output[1] ; 8.933 ; 8.888 ; 9.390 ; 9.336 ;
; switch_input[3] ; leds_output[2] ; 8.542 ; 8.486 ; 8.990 ; 8.943 ;
; switch_input[3] ; leds_output[3] ; 8.753 ; 8.720 ; 9.203 ; 9.161 ;
; switch_input[3] ; leds_output[4] ; 8.041 ; 8.016 ; 8.483 ; 8.449 ;
; switch_input[3] ; leds_output[5] ; 8.540 ; 8.480 ; 8.988 ; 8.937 ;
; switch_input[3] ; leds_output[6] ; 9.300 ; 9.182 ; 9.757 ; 9.639 ;
; switch_input[3] ; leds_output[7] ; 8.984 ; 8.911 ; 9.432 ; 9.368 ;
; switch_input[4] ; leds_output[0] ; 8.458 ; 8.453 ; 8.916 ; 8.911 ;
; switch_input[4] ; leds_output[1] ; 9.004 ; 8.959 ; 9.462 ; 9.408 ;
; switch_input[4] ; leds_output[2] ; 8.613 ; 8.557 ; 9.062 ; 9.015 ;
; switch_input[4] ; leds_output[3] ; 8.824 ; 8.791 ; 9.275 ; 9.233 ;
; switch_input[4] ; leds_output[4] ; 8.112 ; 8.087 ; 8.555 ; 8.521 ;
; switch_input[4] ; leds_output[5] ; 8.611 ; 8.551 ; 9.060 ; 9.009 ;
; switch_input[4] ; leds_output[6] ; 9.371 ; 9.253 ; 9.829 ; 9.711 ;
; switch_input[4] ; leds_output[7] ; 9.055 ; 8.982 ; 9.504 ; 9.440 ;
; switch_input[5] ; leds_output[0] ; 8.488 ; 8.483 ; 8.969 ; 8.964 ;
; switch_input[5] ; leds_output[1] ; 9.034 ; 8.989 ; 9.515 ; 9.461 ;
; switch_input[5] ; leds_output[2] ; 8.643 ; 8.587 ; 9.115 ; 9.068 ;
; switch_input[5] ; leds_output[3] ; 8.854 ; 8.821 ; 9.328 ; 9.286 ;
; switch_input[5] ; leds_output[4] ; 8.142 ; 8.117 ; 8.608 ; 8.574 ;
; switch_input[5] ; leds_output[5] ; 8.641 ; 8.581 ; 9.113 ; 9.062 ;
; switch_input[5] ; leds_output[6] ; 9.401 ; 9.283 ; 9.882 ; 9.764 ;
; switch_input[5] ; leds_output[7] ; 9.085 ; 9.012 ; 9.557 ; 9.493 ;
; switch_input[6] ; leds_output[0] ; 7.369 ; 7.365 ; 7.782 ; 7.778 ;
; switch_input[6] ; leds_output[1] ; 7.922 ; 7.832 ; 8.335 ; 8.245 ;
; switch_input[6] ; leds_output[2] ; 7.522 ; 7.475 ; 7.966 ; 7.888 ;
; switch_input[6] ; leds_output[3] ; 8.502 ; 8.496 ; 8.918 ; 8.913 ;
; switch_input[6] ; leds_output[4] ; 8.369 ; 8.345 ; 8.829 ; 8.805 ;
; switch_input[6] ; leds_output[5] ; 7.506 ; 7.469 ; 7.919 ; 7.913 ;
; switch_input[6] ; leds_output[6] ; 8.286 ; 8.174 ; 8.699 ; 8.618 ;
; switch_input[6] ; leds_output[7] ; 7.966 ; 7.900 ; 8.410 ; 8.313 ;
; switch_input[7] ; leds_output[0] ; 7.446 ; 7.442 ; 7.864 ; 7.857 ;
; switch_input[7] ; leds_output[1] ; 7.999 ; 7.909 ; 8.417 ; 8.319 ;
; switch_input[7] ; leds_output[2] ; 7.629 ; 7.552 ; 8.009 ; 7.970 ;
; switch_input[7] ; leds_output[3] ; 8.584 ; 8.578 ; 9.007 ; 9.001 ;
; switch_input[7] ; leds_output[4] ; 8.451 ; 8.427 ; 8.883 ; 8.859 ;
; switch_input[7] ; leds_output[5] ; 7.583 ; 7.576 ; 8.001 ; 7.956 ;
; switch_input[7] ; leds_output[6] ; 8.363 ; 8.281 ; 8.781 ; 8.661 ;
; switch_input[7] ; leds_output[7] ; 8.073 ; 7.977 ; 8.453 ; 8.395 ;
; switch_input[8] ; leds_output[0] ; 7.445 ; 7.441 ; 7.854 ; 7.850 ;
; switch_input[8] ; leds_output[1] ; 7.998 ; 7.908 ; 8.407 ; 8.317 ;
; switch_input[8] ; leds_output[2] ; 7.627 ; 7.551 ; 8.029 ; 7.960 ;
; switch_input[8] ; leds_output[3] ; 8.102 ; 8.096 ; 8.515 ; 8.509 ;
; switch_input[8] ; leds_output[4] ; 7.162 ; 7.167 ; 7.564 ; 7.569 ;
; switch_input[8] ; leds_output[5] ; 7.582 ; 7.574 ; 7.991 ; 7.976 ;
; switch_input[8] ; leds_output[6] ; 8.362 ; 8.279 ; 8.771 ; 8.681 ;
; switch_input[8] ; leds_output[7] ; 8.071 ; 7.976 ; 8.473 ; 8.385 ;
; switch_input[9] ; leds_output[0] ; 7.776 ; 7.772 ; 8.181 ; 8.177 ;
; switch_input[9] ; leds_output[1] ; 8.329 ; 8.239 ; 8.734 ; 8.644 ;
; switch_input[9] ; leds_output[2] ; 7.958 ; 7.882 ; 8.363 ; 8.287 ;
; switch_input[9] ; leds_output[3] ; 7.952 ; 7.945 ; 8.359 ; 8.353 ;
; switch_input[9] ; leds_output[4] ; 8.479 ; 8.455 ; 8.886 ; 8.862 ;
; switch_input[9] ; leds_output[5] ; 7.913 ; 7.905 ; 8.318 ; 8.310 ;
; switch_input[9] ; leds_output[6] ; 8.693 ; 8.610 ; 9.098 ; 9.015 ;
; switch_input[9] ; leds_output[7] ; 8.402 ; 8.307 ; 8.807 ; 8.712 ;
+-----------------+----------------+-------+-------+-------+-------+


----------------------------------------------
; Slow 1200mV 85C Model Metastability Report ;
----------------------------------------------
No synchronizer chains to report.


-------------------------------------
; Slow 1200mV 0C Model Fmax Summary ;
-------------------------------------
No paths to report.


--------------------------------------
; Slow 1200mV 0C Model Setup Summary ;
--------------------------------------
No paths to report.


-------------------------------------
; Slow 1200mV 0C Model Hold Summary ;
-------------------------------------
No paths to report.


-----------------------------------------
; Slow 1200mV 0C Model Recovery Summary ;
-----------------------------------------
No paths to report.


----------------------------------------
; Slow 1200mV 0C Model Removal Summary ;
----------------------------------------
No paths to report.


----------------------------------------------------
; Slow 1200mV 0C Model Minimum Pulse Width Summary ;
----------------------------------------------------
No paths to report.


+----------------------------------------------------------------------+
; Propagation Delay                                                    ;
+-----------------+----------------+--------+--------+--------+--------+
; Input Port      ; Output Port    ; RR     ; RF     ; FR     ; FF     ;
+-----------------+----------------+--------+--------+--------+--------+
; switch_input[0] ; leds_output[0] ; 9.213  ; 9.085  ; 9.565  ; 9.429  ;
; switch_input[0] ; leds_output[1] ; 9.757  ; 9.544  ; 10.109 ; 9.888  ;
; switch_input[0] ; leds_output[2] ; 9.383  ; 9.217  ; 9.735  ; 9.561  ;
; switch_input[0] ; leds_output[3] ; 8.626  ; 8.546  ; 8.980  ; 8.900  ;
; switch_input[0] ; leds_output[4] ; 9.728  ; 9.674  ; 10.082 ; 10.028 ;
; switch_input[0] ; leds_output[5] ; 9.376  ; 9.204  ; 9.728  ; 9.548  ;
; switch_input[0] ; leds_output[6] ; 10.100 ; 9.853  ; 10.452 ; 10.197 ;
; switch_input[0] ; leds_output[7] ; 9.777  ; 9.592  ; 10.129 ; 9.936  ;
; switch_input[1] ; leds_output[0] ; 9.130  ; 9.002  ; 9.460  ; 9.324  ;
; switch_input[1] ; leds_output[1] ; 9.674  ; 9.461  ; 10.004 ; 9.783  ;
; switch_input[1] ; leds_output[2] ; 9.300  ; 9.134  ; 9.630  ; 9.456  ;
; switch_input[1] ; leds_output[3] ; 8.409  ; 8.313  ; 8.739  ; 8.652  ;
; switch_input[1] ; leds_output[4] ; 9.490  ; 9.436  ; 9.834  ; 9.780  ;
; switch_input[1] ; leds_output[5] ; 9.293  ; 9.121  ; 9.623  ; 9.443  ;
; switch_input[1] ; leds_output[6] ; 10.017 ; 9.770  ; 10.347 ; 10.092 ;
; switch_input[1] ; leds_output[7] ; 9.694  ; 9.509  ; 10.024 ; 9.831  ;
; switch_input[2] ; leds_output[0] ; 8.925  ; 8.789  ; 9.246  ; 9.110  ;
; switch_input[2] ; leds_output[1] ; 9.469  ; 9.248  ; 9.790  ; 9.569  ;
; switch_input[2] ; leds_output[2] ; 9.095  ; 8.921  ; 9.416  ; 9.242  ;
; switch_input[2] ; leds_output[3] ; 8.330  ; 8.250  ; 8.647  ; 8.567  ;
; switch_input[2] ; leds_output[4] ; 9.432  ; 9.378  ; 9.749  ; 9.695  ;
; switch_input[2] ; leds_output[5] ; 9.088  ; 8.908  ; 9.409  ; 9.229  ;
; switch_input[2] ; leds_output[6] ; 9.812  ; 9.557  ; 10.133 ; 9.878  ;
; switch_input[2] ; leds_output[7] ; 9.489  ; 9.296  ; 9.810  ; 9.617  ;
; switch_input[3] ; leds_output[0] ; 9.643  ; 9.513  ; 9.994  ; 9.866  ;
; switch_input[3] ; leds_output[1] ; 10.187 ; 9.972  ; 10.538 ; 10.325 ;
; switch_input[3] ; leds_output[2] ; 9.813  ; 9.645  ; 10.164 ; 9.998  ;
; switch_input[3] ; leds_output[3] ; 8.922  ; 8.824  ; 9.273  ; 9.177  ;
; switch_input[3] ; leds_output[4] ; 9.749  ; 9.695  ; 10.102 ; 10.048 ;
; switch_input[3] ; leds_output[5] ; 9.806  ; 9.632  ; 10.157 ; 9.985  ;
; switch_input[3] ; leds_output[6] ; 10.530 ; 10.281 ; 10.881 ; 10.634 ;
; switch_input[3] ; leds_output[7] ; 10.207 ; 10.020 ; 10.558 ; 10.373 ;
; switch_input[4] ; leds_output[0] ; 9.799  ; 9.671  ; 10.149 ; 10.013 ;
; switch_input[4] ; leds_output[1] ; 10.343 ; 10.130 ; 10.693 ; 10.472 ;
; switch_input[4] ; leds_output[2] ; 9.969  ; 9.803  ; 10.319 ; 10.145 ;
; switch_input[4] ; leds_output[3] ; 9.078  ; 8.982  ; 9.428  ; 9.327  ;
; switch_input[4] ; leds_output[4] ; 9.907  ; 9.853  ; 10.243 ; 10.189 ;
; switch_input[4] ; leds_output[5] ; 9.962  ; 9.790  ; 10.312 ; 10.132 ;
; switch_input[4] ; leds_output[6] ; 10.686 ; 10.439 ; 11.036 ; 10.781 ;
; switch_input[4] ; leds_output[7] ; 10.363 ; 10.178 ; 10.713 ; 10.520 ;
; switch_input[5] ; leds_output[0] ; 9.820  ; 9.692  ; 10.171 ; 10.035 ;
; switch_input[5] ; leds_output[1] ; 10.364 ; 10.151 ; 10.715 ; 10.494 ;
; switch_input[5] ; leds_output[2] ; 9.990  ; 9.824  ; 10.341 ; 10.167 ;
; switch_input[5] ; leds_output[3] ; 9.099  ; 9.003  ; 9.450  ; 9.349  ;
; switch_input[5] ; leds_output[4] ; 9.928  ; 9.874  ; 10.270 ; 10.216 ;
; switch_input[5] ; leds_output[5] ; 9.983  ; 9.811  ; 10.334 ; 10.154 ;
; switch_input[5] ; leds_output[6] ; 10.707 ; 10.460 ; 11.058 ; 10.803 ;
; switch_input[5] ; leds_output[7] ; 10.384 ; 10.199 ; 10.735 ; 10.542 ;
; switch_input[6] ; leds_output[0] ; 8.444  ; 8.333  ; 8.833  ; 8.697  ;
; switch_input[6] ; leds_output[1] ; 8.988  ; 8.792  ; 9.377  ; 9.156  ;
; switch_input[6] ; leds_output[2] ; 8.614  ; 8.465  ; 9.003  ; 8.829  ;
; switch_input[6] ; leds_output[3] ; 8.272  ; 8.171  ; 8.666  ; 8.564  ;
; switch_input[6] ; leds_output[4] ; 8.305  ; 8.242  ; 8.697  ; 8.634  ;
; switch_input[6] ; leds_output[5] ; 8.607  ; 8.452  ; 8.996  ; 8.816  ;
; switch_input[6] ; leds_output[6] ; 9.331  ; 9.101  ; 9.720  ; 9.465  ;
; switch_input[6] ; leds_output[7] ; 9.008  ; 8.840  ; 9.397  ; 9.204  ;
; switch_input[7] ; leds_output[0] ; 8.587  ; 8.439  ; 8.964  ; 8.815  ;
; switch_input[7] ; leds_output[1] ; 9.131  ; 8.898  ; 9.508  ; 9.269  ;
; switch_input[7] ; leds_output[2] ; 8.757  ; 8.571  ; 9.134  ; 8.942  ;
; switch_input[7] ; leds_output[3] ; 8.399  ; 8.314  ; 8.774  ; 8.689  ;
; switch_input[7] ; leds_output[4] ; 8.456  ; 8.393  ; 8.830  ; 8.767  ;
; switch_input[7] ; leds_output[5] ; 8.750  ; 8.558  ; 9.127  ; 8.929  ;
; switch_input[7] ; leds_output[6] ; 9.474  ; 9.207  ; 9.851  ; 9.578  ;
; switch_input[7] ; leds_output[7] ; 9.151  ; 8.946  ; 9.528  ; 9.317  ;
; switch_input[8] ; leds_output[0] ; 8.605  ; 8.474  ; 8.970  ; 8.831  ;
; switch_input[8] ; leds_output[1] ; 9.149  ; 8.933  ; 9.514  ; 9.290  ;
; switch_input[8] ; leds_output[2] ; 8.775  ; 8.606  ; 9.140  ; 8.963  ;
; switch_input[8] ; leds_output[3] ; 7.899  ; 7.800  ; 8.266  ; 8.159  ;
; switch_input[8] ; leds_output[4] ; 8.303  ; 8.249  ; 8.648  ; 8.594  ;
; switch_input[8] ; leds_output[5] ; 8.768  ; 8.593  ; 9.133  ; 8.950  ;
; switch_input[8] ; leds_output[6] ; 9.492  ; 9.242  ; 9.857  ; 9.599  ;
; switch_input[8] ; leds_output[7] ; 9.169  ; 8.981  ; 9.534  ; 9.338  ;
; switch_input[9] ; leds_output[0] ; 8.920  ; 8.787  ; 9.267  ; 9.162  ;
; switch_input[9] ; leds_output[1] ; 9.464  ; 9.246  ; 9.811  ; 9.621  ;
; switch_input[9] ; leds_output[2] ; 9.090  ; 8.919  ; 9.437  ; 9.294  ;
; switch_input[9] ; leds_output[3] ; 7.670  ; 7.564  ; 8.050  ; 7.932  ;
; switch_input[9] ; leds_output[4] ; 8.385  ; 8.331  ; 8.763  ; 8.709  ;
; switch_input[9] ; leds_output[5] ; 9.083  ; 8.906  ; 9.430  ; 9.281  ;
; switch_input[9] ; leds_output[6] ; 9.807  ; 9.555  ; 10.154 ; 9.930  ;
; switch_input[9] ; leds_output[7] ; 9.484  ; 9.294  ; 9.831  ; 9.669  ;
+-----------------+----------------+--------+--------+--------+--------+


+------------------------------------------------------------------+
; Minimum Propagation Delay                                        ;
+-----------------+----------------+-------+-------+-------+-------+
; Input Port      ; Output Port    ; RR    ; RF    ; FR    ; FF    ;
+-----------------+----------------+-------+-------+-------+-------+
; switch_input[0] ; leds_output[0] ; 7.511 ; 7.455 ; 7.846 ; 7.790 ;
; switch_input[0] ; leds_output[1] ; 8.018 ; 7.875 ; 8.353 ; 8.210 ;
; switch_input[0] ; leds_output[2] ; 7.643 ; 7.564 ; 7.978 ; 7.905 ;
; switch_input[0] ; leds_output[3] ; 7.942 ; 7.843 ; 8.281 ; 8.176 ;
; switch_input[0] ; leds_output[4] ; 7.280 ; 7.215 ; 7.621 ; 7.550 ;
; switch_input[0] ; leds_output[5] ; 7.640 ; 7.539 ; 7.981 ; 7.874 ;
; switch_input[0] ; leds_output[6] ; 8.360 ; 8.177 ; 8.701 ; 8.512 ;
; switch_input[0] ; leds_output[7] ; 8.045 ; 7.938 ; 8.380 ; 8.279 ;
; switch_input[1] ; leds_output[0] ; 7.429 ; 7.373 ; 7.738 ; 7.682 ;
; switch_input[1] ; leds_output[1] ; 7.936 ; 7.793 ; 8.245 ; 8.102 ;
; switch_input[1] ; leds_output[2] ; 7.561 ; 7.478 ; 7.870 ; 7.797 ;
; switch_input[1] ; leds_output[3] ; 7.792 ; 7.693 ; 8.111 ; 8.006 ;
; switch_input[1] ; leds_output[4] ; 7.130 ; 7.065 ; 7.451 ; 7.380 ;
; switch_input[1] ; leds_output[5] ; 7.558 ; 7.457 ; 7.873 ; 7.766 ;
; switch_input[1] ; leds_output[6] ; 8.275 ; 8.095 ; 8.593 ; 8.404 ;
; switch_input[1] ; leds_output[7] ; 7.963 ; 7.851 ; 8.272 ; 8.171 ;
; switch_input[2] ; leds_output[0] ; 7.294 ; 7.238 ; 7.600 ; 7.544 ;
; switch_input[2] ; leds_output[1] ; 7.801 ; 7.658 ; 8.107 ; 7.964 ;
; switch_input[2] ; leds_output[2] ; 7.426 ; 7.353 ; 7.732 ; 7.659 ;
; switch_input[2] ; leds_output[3] ; 7.739 ; 7.640 ; 8.033 ; 7.928 ;
; switch_input[2] ; leds_output[4] ; 7.077 ; 7.012 ; 7.373 ; 7.302 ;
; switch_input[2] ; leds_output[5] ; 7.429 ; 7.322 ; 7.735 ; 7.628 ;
; switch_input[2] ; leds_output[6] ; 8.149 ; 7.960 ; 8.455 ; 8.266 ;
; switch_input[2] ; leds_output[7] ; 7.828 ; 7.727 ; 8.134 ; 8.033 ;
; switch_input[3] ; leds_output[0] ; 7.775 ; 7.723 ; 8.130 ; 8.078 ;
; switch_input[3] ; leds_output[1] ; 8.280 ; 8.180 ; 8.635 ; 8.529 ;
; switch_input[3] ; leds_output[2] ; 7.918 ; 7.819 ; 8.267 ; 8.174 ;
; switch_input[3] ; leds_output[3] ; 8.133 ; 8.034 ; 8.465 ; 8.360 ;
; switch_input[3] ; leds_output[4] ; 7.471 ; 7.406 ; 7.805 ; 7.734 ;
; switch_input[3] ; leds_output[5] ; 7.913 ; 7.809 ; 8.262 ; 8.164 ;
; switch_input[3] ; leds_output[6] ; 8.616 ; 8.440 ; 8.971 ; 8.795 ;
; switch_input[3] ; leds_output[7] ; 8.317 ; 8.192 ; 8.666 ; 8.547 ;
; switch_input[4] ; leds_output[0] ; 7.838 ; 7.786 ; 8.203 ; 8.151 ;
; switch_input[4] ; leds_output[1] ; 8.343 ; 8.243 ; 8.708 ; 8.602 ;
; switch_input[4] ; leds_output[2] ; 7.981 ; 7.882 ; 8.340 ; 8.247 ;
; switch_input[4] ; leds_output[3] ; 8.196 ; 8.097 ; 8.538 ; 8.433 ;
; switch_input[4] ; leds_output[4] ; 7.534 ; 7.469 ; 7.878 ; 7.807 ;
; switch_input[4] ; leds_output[5] ; 7.976 ; 7.872 ; 8.335 ; 8.237 ;
; switch_input[4] ; leds_output[6] ; 8.679 ; 8.503 ; 9.044 ; 8.868 ;
; switch_input[4] ; leds_output[7] ; 8.380 ; 8.255 ; 8.739 ; 8.620 ;
; switch_input[5] ; leds_output[0] ; 7.861 ; 7.809 ; 8.233 ; 8.181 ;
; switch_input[5] ; leds_output[1] ; 8.366 ; 8.266 ; 8.738 ; 8.632 ;
; switch_input[5] ; leds_output[2] ; 8.004 ; 7.905 ; 8.370 ; 8.277 ;
; switch_input[5] ; leds_output[3] ; 8.219 ; 8.120 ; 8.568 ; 8.463 ;
; switch_input[5] ; leds_output[4] ; 7.557 ; 7.492 ; 7.908 ; 7.837 ;
; switch_input[5] ; leds_output[5] ; 7.999 ; 7.895 ; 8.365 ; 8.267 ;
; switch_input[5] ; leds_output[6] ; 8.702 ; 8.526 ; 9.074 ; 8.898 ;
; switch_input[5] ; leds_output[7] ; 8.403 ; 8.278 ; 8.769 ; 8.650 ;
; switch_input[6] ; leds_output[0] ; 6.843 ; 6.787 ; 7.201 ; 7.151 ;
; switch_input[6] ; leds_output[1] ; 7.350 ; 7.207 ; 7.713 ; 7.576 ;
; switch_input[6] ; leds_output[2] ; 6.975 ; 6.898 ; 7.356 ; 7.251 ;
; switch_input[6] ; leds_output[3] ; 7.869 ; 7.797 ; 8.225 ; 8.154 ;
; switch_input[6] ; leds_output[4] ; 7.737 ; 7.686 ; 8.118 ; 8.073 ;
; switch_input[6] ; leds_output[5] ; 6.974 ; 6.871 ; 7.327 ; 7.252 ;
; switch_input[6] ; leds_output[6] ; 7.694 ; 7.509 ; 8.047 ; 7.890 ;
; switch_input[6] ; leds_output[7] ; 7.377 ; 7.272 ; 7.758 ; 7.625 ;
; switch_input[7] ; leds_output[0] ; 6.902 ; 6.852 ; 7.265 ; 7.209 ;
; switch_input[7] ; leds_output[1] ; 7.414 ; 7.277 ; 7.772 ; 7.629 ;
; switch_input[7] ; leds_output[2] ; 7.060 ; 6.952 ; 7.397 ; 7.325 ;
; switch_input[7] ; leds_output[3] ; 7.927 ; 7.855 ; 8.306 ; 8.235 ;
; switch_input[7] ; leds_output[4] ; 7.795 ; 7.744 ; 8.168 ; 8.123 ;
; switch_input[7] ; leds_output[5] ; 7.028 ; 6.956 ; 7.401 ; 7.293 ;
; switch_input[7] ; leds_output[6] ; 7.748 ; 7.594 ; 8.121 ; 7.931 ;
; switch_input[7] ; leds_output[7] ; 7.462 ; 7.326 ; 7.799 ; 7.699 ;
; switch_input[8] ; leds_output[0] ; 6.918 ; 6.868 ; 7.273 ; 7.223 ;
; switch_input[8] ; leds_output[1] ; 7.430 ; 7.293 ; 7.785 ; 7.648 ;
; switch_input[8] ; leds_output[2] ; 7.068 ; 6.968 ; 7.417 ; 7.323 ;
; switch_input[8] ; leds_output[3] ; 7.511 ; 7.439 ; 7.864 ; 7.792 ;
; switch_input[8] ; leds_output[4] ; 6.645 ; 6.607 ; 6.996 ; 6.958 ;
; switch_input[8] ; leds_output[5] ; 7.044 ; 6.964 ; 7.399 ; 7.313 ;
; switch_input[8] ; leds_output[6] ; 7.764 ; 7.602 ; 8.119 ; 7.951 ;
; switch_input[8] ; leds_output[7] ; 7.470 ; 7.342 ; 7.819 ; 7.697 ;
; switch_input[9] ; leds_output[0] ; 7.220 ; 7.170 ; 7.557 ; 7.507 ;
; switch_input[9] ; leds_output[1] ; 7.732 ; 7.595 ; 8.069 ; 7.932 ;
; switch_input[9] ; leds_output[2] ; 7.368 ; 7.270 ; 7.713 ; 7.607 ;
; switch_input[9] ; leds_output[3] ; 7.380 ; 7.297 ; 7.721 ; 7.649 ;
; switch_input[9] ; leds_output[4] ; 7.850 ; 7.785 ; 8.191 ; 8.126 ;
; switch_input[9] ; leds_output[5] ; 7.346 ; 7.264 ; 7.683 ; 7.609 ;
; switch_input[9] ; leds_output[6] ; 8.066 ; 7.902 ; 8.403 ; 8.247 ;
; switch_input[9] ; leds_output[7] ; 7.770 ; 7.644 ; 8.115 ; 7.981 ;
+-----------------+----------------+-------+-------+-------+-------+


---------------------------------------------
; Slow 1200mV 0C Model Metastability Report ;
---------------------------------------------
No synchronizer chains to report.


--------------------------------------
; Fast 1200mV 0C Model Setup Summary ;
--------------------------------------
No paths to report.


-------------------------------------
; Fast 1200mV 0C Model Hold Summary ;
-------------------------------------
No paths to report.


-----------------------------------------
; Fast 1200mV 0C Model Recovery Summary ;
-----------------------------------------
No paths to report.


----------------------------------------
; Fast 1200mV 0C Model Removal Summary ;
----------------------------------------
No paths to report.


----------------------------------------------------
; Fast 1200mV 0C Model Minimum Pulse Width Summary ;
----------------------------------------------------
No paths to report.


+------------------------------------------------------------------+
; Propagation Delay                                                ;
+-----------------+----------------+-------+-------+-------+-------+
; Input Port      ; Output Port    ; RR    ; RF    ; FR    ; FF    ;
+-----------------+----------------+-------+-------+-------+-------+
; switch_input[0] ; leds_output[0] ; 5.839 ; 5.841 ; 6.411 ; 6.413 ;
; switch_input[0] ; leds_output[1] ; 6.143 ; 6.147 ; 6.715 ; 6.719 ;
; switch_input[0] ; leds_output[2] ; 5.918 ; 5.872 ; 6.490 ; 6.444 ;
; switch_input[0] ; leds_output[3] ; 5.415 ; 5.557 ; 6.003 ; 6.145 ;
; switch_input[0] ; leds_output[4] ; 6.137 ; 6.229 ; 6.725 ; 6.817 ;
; switch_input[0] ; leds_output[5] ; 5.913 ; 5.861 ; 6.485 ; 6.433 ;
; switch_input[0] ; leds_output[6] ; 6.334 ; 6.357 ; 6.906 ; 6.929 ;
; switch_input[0] ; leds_output[7] ; 6.132 ; 6.133 ; 6.704 ; 6.705 ;
; switch_input[1] ; leds_output[0] ; 5.764 ; 5.766 ; 6.324 ; 6.326 ;
; switch_input[1] ; leds_output[1] ; 6.068 ; 6.072 ; 6.628 ; 6.632 ;
; switch_input[1] ; leds_output[2] ; 5.843 ; 5.797 ; 6.403 ; 6.357 ;
; switch_input[1] ; leds_output[3] ; 5.267 ; 5.387 ; 5.827 ; 5.965 ;
; switch_input[1] ; leds_output[4] ; 5.967 ; 6.059 ; 6.545 ; 6.637 ;
; switch_input[1] ; leds_output[5] ; 5.838 ; 5.786 ; 6.398 ; 6.346 ;
; switch_input[1] ; leds_output[6] ; 6.259 ; 6.282 ; 6.819 ; 6.842 ;
; switch_input[1] ; leds_output[7] ; 6.057 ; 6.058 ; 6.617 ; 6.618 ;
; switch_input[2] ; leds_output[0] ; 5.625 ; 5.627 ; 6.195 ; 6.197 ;
; switch_input[2] ; leds_output[1] ; 5.929 ; 5.933 ; 6.499 ; 6.503 ;
; switch_input[2] ; leds_output[2] ; 5.704 ; 5.658 ; 6.274 ; 6.228 ;
; switch_input[2] ; leds_output[3] ; 5.205 ; 5.347 ; 5.774 ; 5.916 ;
; switch_input[2] ; leds_output[4] ; 5.927 ; 6.019 ; 6.496 ; 6.588 ;
; switch_input[2] ; leds_output[5] ; 5.699 ; 5.647 ; 6.269 ; 6.217 ;
; switch_input[2] ; leds_output[6] ; 6.120 ; 6.143 ; 6.690 ; 6.713 ;
; switch_input[2] ; leds_output[7] ; 5.918 ; 5.919 ; 6.488 ; 6.489 ;
; switch_input[3] ; leds_output[0] ; 6.117 ; 6.119 ; 6.681 ; 6.683 ;
; switch_input[3] ; leds_output[1] ; 6.421 ; 6.425 ; 6.985 ; 6.989 ;
; switch_input[3] ; leds_output[2] ; 6.196 ; 6.150 ; 6.760 ; 6.714 ;
; switch_input[3] ; leds_output[3] ; 5.620 ; 5.730 ; 6.184 ; 6.294 ;
; switch_input[3] ; leds_output[4] ; 6.167 ; 6.259 ; 6.731 ; 6.823 ;
; switch_input[3] ; leds_output[5] ; 6.191 ; 6.139 ; 6.755 ; 6.703 ;
; switch_input[3] ; leds_output[6] ; 6.612 ; 6.635 ; 7.176 ; 7.199 ;
; switch_input[3] ; leds_output[7] ; 6.410 ; 6.411 ; 6.974 ; 6.975 ;
; switch_input[4] ; leds_output[0] ; 6.223 ; 6.225 ; 6.771 ; 6.773 ;
; switch_input[4] ; leds_output[1] ; 6.527 ; 6.531 ; 7.075 ; 7.079 ;
; switch_input[4] ; leds_output[2] ; 6.302 ; 6.256 ; 6.850 ; 6.804 ;
; switch_input[4] ; leds_output[3] ; 5.726 ; 5.836 ; 6.274 ; 6.384 ;
; switch_input[4] ; leds_output[4] ; 6.273 ; 6.365 ; 6.821 ; 6.913 ;
; switch_input[4] ; leds_output[5] ; 6.297 ; 6.245 ; 6.845 ; 6.793 ;
; switch_input[4] ; leds_output[6] ; 6.718 ; 6.741 ; 7.266 ; 7.289 ;
; switch_input[4] ; leds_output[7] ; 6.516 ; 6.517 ; 7.064 ; 7.065 ;
; switch_input[5] ; leds_output[0] ; 6.235 ; 6.237 ; 6.792 ; 6.794 ;
; switch_input[5] ; leds_output[1] ; 6.539 ; 6.543 ; 7.096 ; 7.100 ;
; switch_input[5] ; leds_output[2] ; 6.314 ; 6.268 ; 6.871 ; 6.825 ;
; switch_input[5] ; leds_output[3] ; 5.738 ; 5.848 ; 6.295 ; 6.405 ;
; switch_input[5] ; leds_output[4] ; 6.285 ; 6.377 ; 6.842 ; 6.934 ;
; switch_input[5] ; leds_output[5] ; 6.309 ; 6.257 ; 6.866 ; 6.814 ;
; switch_input[5] ; leds_output[6] ; 6.730 ; 6.753 ; 7.287 ; 7.310 ;
; switch_input[5] ; leds_output[7] ; 6.528 ; 6.529 ; 7.085 ; 7.086 ;
; switch_input[6] ; leds_output[0] ; 5.368 ; 5.370 ; 5.947 ; 5.949 ;
; switch_input[6] ; leds_output[1] ; 5.672 ; 5.676 ; 6.251 ; 6.255 ;
; switch_input[6] ; leds_output[2] ; 5.447 ; 5.401 ; 6.026 ; 5.994 ;
; switch_input[6] ; leds_output[3] ; 5.212 ; 5.319 ; 5.791 ; 5.899 ;
; switch_input[6] ; leds_output[4] ; 5.238 ; 5.330 ; 5.816 ; 5.908 ;
; switch_input[6] ; leds_output[5] ; 5.442 ; 5.390 ; 6.021 ; 5.976 ;
; switch_input[6] ; leds_output[6] ; 5.863 ; 5.886 ; 6.442 ; 6.465 ;
; switch_input[6] ; leds_output[7] ; 5.661 ; 5.662 ; 6.240 ; 6.245 ;
; switch_input[7] ; leds_output[0] ; 5.432 ; 5.434 ; 6.023 ; 6.025 ;
; switch_input[7] ; leds_output[1] ; 5.736 ; 5.740 ; 6.327 ; 6.331 ;
; switch_input[7] ; leds_output[2] ; 5.511 ; 5.465 ; 6.102 ; 6.056 ;
; switch_input[7] ; leds_output[3] ; 5.262 ; 5.383 ; 5.851 ; 5.972 ;
; switch_input[7] ; leds_output[4] ; 5.313 ; 5.405 ; 5.901 ; 5.993 ;
; switch_input[7] ; leds_output[5] ; 5.506 ; 5.454 ; 6.097 ; 6.045 ;
; switch_input[7] ; leds_output[6] ; 5.927 ; 5.950 ; 6.518 ; 6.541 ;
; switch_input[7] ; leds_output[7] ; 5.725 ; 5.726 ; 6.316 ; 6.317 ;
; switch_input[8] ; leds_output[0] ; 5.427 ; 5.429 ; 5.989 ; 5.991 ;
; switch_input[8] ; leds_output[1] ; 5.731 ; 5.735 ; 6.293 ; 6.297 ;
; switch_input[8] ; leds_output[2] ; 5.506 ; 5.479 ; 6.068 ; 6.034 ;
; switch_input[8] ; leds_output[3] ; 4.955 ; 5.069 ; 5.508 ; 5.624 ;
; switch_input[8] ; leds_output[4] ; 5.226 ; 5.318 ; 5.781 ; 5.873 ;
; switch_input[8] ; leds_output[5] ; 5.501 ; 5.461 ; 6.063 ; 6.016 ;
; switch_input[8] ; leds_output[6] ; 5.922 ; 5.945 ; 6.484 ; 6.507 ;
; switch_input[8] ; leds_output[7] ; 5.720 ; 5.730 ; 6.282 ; 6.285 ;
; switch_input[9] ; leds_output[0] ; 5.636 ; 5.638 ; 6.206 ; 6.208 ;
; switch_input[9] ; leds_output[1] ; 5.940 ; 5.944 ; 6.510 ; 6.514 ;
; switch_input[9] ; leds_output[2] ; 5.715 ; 5.685 ; 6.285 ; 6.258 ;
; switch_input[9] ; leds_output[3] ; 4.825 ; 4.927 ; 5.398 ; 5.499 ;
; switch_input[9] ; leds_output[4] ; 5.293 ; 5.385 ; 5.865 ; 5.957 ;
; switch_input[9] ; leds_output[5] ; 5.710 ; 5.667 ; 6.280 ; 6.240 ;
; switch_input[9] ; leds_output[6] ; 6.131 ; 6.154 ; 6.701 ; 6.724 ;
; switch_input[9] ; leds_output[7] ; 5.929 ; 5.936 ; 6.499 ; 6.509 ;
+-----------------+----------------+-------+-------+-------+-------+


+------------------------------------------------------------------+
; Minimum Propagation Delay                                        ;
+-----------------+----------------+-------+-------+-------+-------+
; Input Port      ; Output Port    ; RR    ; RF    ; FR    ; FF    ;
+-----------------+----------------+-------+-------+-------+-------+
; switch_input[0] ; leds_output[0] ; 4.683 ; 4.759 ; 5.273 ; 5.349 ;
; switch_input[0] ; leds_output[1] ; 4.968 ; 5.053 ; 5.558 ; 5.643 ;
; switch_input[0] ; leds_output[2] ; 4.779 ; 4.827 ; 5.369 ; 5.417 ;
; switch_input[0] ; leds_output[3] ; 4.933 ; 5.055 ; 5.556 ; 5.671 ;
; switch_input[0] ; leds_output[4] ; 4.545 ; 4.617 ; 5.167 ; 5.232 ;
; switch_input[0] ; leds_output[5] ; 4.732 ; 4.845 ; 5.322 ; 5.435 ;
; switch_input[0] ; leds_output[6] ; 5.160 ; 5.291 ; 5.750 ; 5.881 ;
; switch_input[0] ; leds_output[7] ; 5.003 ; 5.080 ; 5.593 ; 5.670 ;
; switch_input[1] ; leds_output[0] ; 4.610 ; 4.686 ; 5.187 ; 5.263 ;
; switch_input[1] ; leds_output[1] ; 4.895 ; 4.980 ; 5.472 ; 5.557 ;
; switch_input[1] ; leds_output[2] ; 4.706 ; 4.754 ; 5.283 ; 5.331 ;
; switch_input[1] ; leds_output[3] ; 4.817 ; 4.939 ; 5.426 ; 5.541 ;
; switch_input[1] ; leds_output[4] ; 4.429 ; 4.501 ; 5.037 ; 5.102 ;
; switch_input[1] ; leds_output[5] ; 4.659 ; 4.758 ; 5.236 ; 5.349 ;
; switch_input[1] ; leds_output[6] ; 5.087 ; 5.197 ; 5.664 ; 5.795 ;
; switch_input[1] ; leds_output[7] ; 4.930 ; 5.007 ; 5.507 ; 5.584 ;
; switch_input[2] ; leds_output[0] ; 4.525 ; 4.601 ; 5.095 ; 5.171 ;
; switch_input[2] ; leds_output[1] ; 4.810 ; 4.895 ; 5.380 ; 5.465 ;
; switch_input[2] ; leds_output[2] ; 4.621 ; 4.669 ; 5.191 ; 5.239 ;
; switch_input[2] ; leds_output[3] ; 4.778 ; 4.900 ; 5.383 ; 5.498 ;
; switch_input[2] ; leds_output[4] ; 4.390 ; 4.462 ; 4.994 ; 5.059 ;
; switch_input[2] ; leds_output[5] ; 4.574 ; 4.687 ; 5.144 ; 5.257 ;
; switch_input[2] ; leds_output[6] ; 5.002 ; 5.133 ; 5.572 ; 5.703 ;
; switch_input[2] ; leds_output[7] ; 4.845 ; 4.922 ; 5.415 ; 5.492 ;
; switch_input[3] ; leds_output[0] ; 4.846 ; 4.918 ; 5.442 ; 5.514 ;
; switch_input[3] ; leds_output[1] ; 5.135 ; 5.250 ; 5.731 ; 5.842 ;
; switch_input[3] ; leds_output[2] ; 4.926 ; 4.987 ; 5.518 ; 5.583 ;
; switch_input[3] ; leds_output[3] ; 5.034 ; 5.156 ; 5.630 ; 5.752 ;
; switch_input[3] ; leds_output[4] ; 4.646 ; 4.718 ; 5.242 ; 5.314 ;
; switch_input[3] ; leds_output[5] ; 4.916 ; 4.975 ; 5.508 ; 5.571 ;
; switch_input[3] ; leds_output[6] ; 5.321 ; 5.414 ; 5.917 ; 6.010 ;
; switch_input[3] ; leds_output[7] ; 5.148 ; 5.235 ; 5.740 ; 5.831 ;
; switch_input[4] ; leds_output[0] ; 4.894 ; 4.966 ; 5.519 ; 5.591 ;
; switch_input[4] ; leds_output[1] ; 5.183 ; 5.298 ; 5.808 ; 5.909 ;
; switch_input[4] ; leds_output[2] ; 4.974 ; 5.035 ; 5.595 ; 5.660 ;
; switch_input[4] ; leds_output[3] ; 5.082 ; 5.204 ; 5.707 ; 5.829 ;
; switch_input[4] ; leds_output[4] ; 4.694 ; 4.766 ; 5.319 ; 5.391 ;
; switch_input[4] ; leds_output[5] ; 4.964 ; 5.023 ; 5.585 ; 5.648 ;
; switch_input[4] ; leds_output[6] ; 5.369 ; 5.462 ; 5.994 ; 6.087 ;
; switch_input[4] ; leds_output[7] ; 5.196 ; 5.283 ; 5.817 ; 5.908 ;
; switch_input[5] ; leds_output[0] ; 4.908 ; 4.980 ; 5.542 ; 5.614 ;
; switch_input[5] ; leds_output[1] ; 5.197 ; 5.312 ; 5.831 ; 5.930 ;
; switch_input[5] ; leds_output[2] ; 4.988 ; 5.049 ; 5.616 ; 5.683 ;
; switch_input[5] ; leds_output[3] ; 5.096 ; 5.218 ; 5.730 ; 5.852 ;
; switch_input[5] ; leds_output[4] ; 4.708 ; 4.780 ; 5.342 ; 5.414 ;
; switch_input[5] ; leds_output[5] ; 4.978 ; 5.037 ; 5.606 ; 5.671 ;
; switch_input[5] ; leds_output[6] ; 5.383 ; 5.476 ; 6.017 ; 6.110 ;
; switch_input[5] ; leds_output[7] ; 5.210 ; 5.297 ; 5.838 ; 5.931 ;
; switch_input[6] ; leds_output[0] ; 4.311 ; 4.387 ; 4.865 ; 4.941 ;
; switch_input[6] ; leds_output[1] ; 4.596 ; 4.681 ; 5.150 ; 5.235 ;
; switch_input[6] ; leds_output[2] ; 4.402 ; 4.455 ; 4.976 ; 5.009 ;
; switch_input[6] ; leds_output[3] ; 4.920 ; 5.050 ; 5.475 ; 5.605 ;
; switch_input[6] ; leds_output[4] ; 4.832 ; 4.900 ; 5.421 ; 5.489 ;
; switch_input[6] ; leds_output[5] ; 4.360 ; 4.468 ; 4.914 ; 5.042 ;
; switch_input[6] ; leds_output[6] ; 4.788 ; 4.914 ; 5.342 ; 5.488 ;
; switch_input[6] ; leds_output[7] ; 4.626 ; 4.708 ; 5.200 ; 5.262 ;
; switch_input[7] ; leds_output[0] ; 4.322 ; 4.398 ; 4.913 ; 4.989 ;
; switch_input[7] ; leds_output[1] ; 4.607 ; 4.692 ; 5.198 ; 5.283 ;
; switch_input[7] ; leds_output[2] ; 4.426 ; 4.466 ; 4.998 ; 5.057 ;
; switch_input[7] ; leds_output[3] ; 4.934 ; 5.064 ; 5.526 ; 5.656 ;
; switch_input[7] ; leds_output[4] ; 4.844 ; 4.912 ; 5.446 ; 5.514 ;
; switch_input[7] ; leds_output[5] ; 4.371 ; 4.492 ; 4.962 ; 5.064 ;
; switch_input[7] ; leds_output[6] ; 4.799 ; 4.938 ; 5.390 ; 5.510 ;
; switch_input[7] ; leds_output[7] ; 4.650 ; 4.719 ; 5.222 ; 5.310 ;
; switch_input[8] ; leds_output[0] ; 4.317 ; 4.393 ; 4.873 ; 4.949 ;
; switch_input[8] ; leds_output[1] ; 4.602 ; 4.687 ; 5.158 ; 5.243 ;
; switch_input[8] ; leds_output[2] ; 4.421 ; 4.461 ; 4.977 ; 5.017 ;
; switch_input[8] ; leds_output[3] ; 4.672 ; 4.802 ; 5.226 ; 5.356 ;
; switch_input[8] ; leds_output[4] ; 4.172 ; 4.240 ; 4.729 ; 4.797 ;
; switch_input[8] ; leds_output[5] ; 4.366 ; 4.487 ; 4.922 ; 5.043 ;
; switch_input[8] ; leds_output[6] ; 4.794 ; 4.933 ; 5.350 ; 5.489 ;
; switch_input[8] ; leds_output[7] ; 4.645 ; 4.714 ; 5.201 ; 5.270 ;
; switch_input[9] ; leds_output[0] ; 4.518 ; 4.594 ; 5.066 ; 5.142 ;
; switch_input[9] ; leds_output[1] ; 4.803 ; 4.888 ; 5.351 ; 5.436 ;
; switch_input[9] ; leds_output[2] ; 4.622 ; 4.662 ; 5.170 ; 5.210 ;
; switch_input[9] ; leds_output[3] ; 4.616 ; 4.746 ; 5.164 ; 5.294 ;
; switch_input[9] ; leds_output[4] ; 4.886 ; 4.954 ; 5.433 ; 5.501 ;
; switch_input[9] ; leds_output[5] ; 4.567 ; 4.688 ; 5.115 ; 5.236 ;
; switch_input[9] ; leds_output[6] ; 4.995 ; 5.134 ; 5.543 ; 5.682 ;
; switch_input[9] ; leds_output[7] ; 4.846 ; 4.915 ; 5.394 ; 5.463 ;
+-----------------+----------------+-------+-------+-------+-------+


---------------------------------------------
; Fast 1200mV 0C Model Metastability Report ;
---------------------------------------------
No synchronizer chains to report.


+----------------------------------------------------------------------------+
; Multicorner Timing Analysis Summary                                        ;
+------------------+-------+------+----------+---------+---------------------+
; Clock            ; Setup ; Hold ; Recovery ; Removal ; Minimum Pulse Width ;
+------------------+-------+------+----------+---------+---------------------+
; Worst-case Slack ; N/A   ; N/A  ; N/A      ; N/A     ; N/A                 ;
; Design-wide TNS  ; 0.0   ; 0.0  ; 0.0      ; 0.0     ; 0.0                 ;
+------------------+-------+------+----------+---------+---------------------+


+----------------------------------------------------------------------+
; Progagation Delay                                                    ;
+-----------------+----------------+--------+--------+--------+--------+
; Input Port      ; Output Port    ; RR     ; RF     ; FR     ; FF     ;
+-----------------+----------------+--------+--------+--------+--------+
; switch_input[0] ; leds_output[0] ; 10.043 ; 9.930  ; 10.428 ; 10.315 ;
; switch_input[0] ; leds_output[1] ; 10.629 ; 10.410 ; 11.014 ; 10.795 ;
; switch_input[0] ; leds_output[2] ; 10.225 ; 10.042 ; 10.610 ; 10.427 ;
; switch_input[0] ; leds_output[3] ; 9.345  ; 9.343  ; 9.761  ; 9.759  ;
; switch_input[0] ; leds_output[4] ; 10.597 ; 10.617 ; 11.013 ; 11.033 ;
; switch_input[0] ; leds_output[5] ; 10.220 ; 10.036 ; 10.605 ; 10.421 ;
; switch_input[0] ; leds_output[6] ; 11.006 ; 10.768 ; 11.391 ; 11.153 ;
; switch_input[0] ; leds_output[7] ; 10.659 ; 10.474 ; 11.044 ; 10.859 ;
; switch_input[1] ; leds_output[0] ; 9.947  ; 9.834  ; 10.324 ; 10.211 ;
; switch_input[1] ; leds_output[1] ; 10.533 ; 10.314 ; 10.910 ; 10.691 ;
; switch_input[1] ; leds_output[2] ; 10.129 ; 9.946  ; 10.506 ; 10.314 ;
; switch_input[1] ; leds_output[3] ; 9.113  ; 9.078  ; 9.489  ; 9.486  ;
; switch_input[1] ; leds_output[4] ; 10.332 ; 10.352 ; 10.740 ; 10.760 ;
; switch_input[1] ; leds_output[5] ; 10.124 ; 9.940  ; 10.501 ; 10.308 ;
; switch_input[1] ; leds_output[6] ; 10.910 ; 10.672 ; 11.287 ; 11.049 ;
; switch_input[1] ; leds_output[7] ; 10.563 ; 10.378 ; 10.940 ; 10.746 ;
; switch_input[2] ; leds_output[0] ; 9.697  ; 9.584  ; 10.085 ; 9.972  ;
; switch_input[2] ; leds_output[1] ; 10.283 ; 10.064 ; 10.671 ; 10.452 ;
; switch_input[2] ; leds_output[2] ; 9.879  ; 9.696  ; 10.267 ; 10.084 ;
; switch_input[2] ; leds_output[3] ; 9.008  ; 9.006  ; 9.400  ; 9.398  ;
; switch_input[2] ; leds_output[4] ; 10.260 ; 10.280 ; 10.652 ; 10.672 ;
; switch_input[2] ; leds_output[5] ; 9.874  ; 9.690  ; 10.262 ; 10.078 ;
; switch_input[2] ; leds_output[6] ; 10.660 ; 10.422 ; 11.048 ; 10.810 ;
; switch_input[2] ; leds_output[7] ; 10.313 ; 10.128 ; 10.701 ; 10.516 ;
; switch_input[3] ; leds_output[0] ; 10.525 ; 10.412 ; 10.942 ; 10.829 ;
; switch_input[3] ; leds_output[1] ; 11.111 ; 10.892 ; 11.528 ; 11.309 ;
; switch_input[3] ; leds_output[2] ; 10.707 ; 10.524 ; 11.124 ; 10.941 ;
; switch_input[3] ; leds_output[3] ; 9.691  ; 9.648  ; 10.108 ; 10.065 ;
; switch_input[3] ; leds_output[4] ; 10.632 ; 10.652 ; 11.049 ; 11.069 ;
; switch_input[3] ; leds_output[5] ; 10.702 ; 10.518 ; 11.119 ; 10.935 ;
; switch_input[3] ; leds_output[6] ; 11.488 ; 11.250 ; 11.905 ; 11.667 ;
; switch_input[3] ; leds_output[7] ; 11.141 ; 10.956 ; 11.558 ; 11.373 ;
; switch_input[4] ; leds_output[0] ; 10.699 ; 10.586 ; 11.088 ; 10.975 ;
; switch_input[4] ; leds_output[1] ; 11.285 ; 11.066 ; 11.674 ; 11.455 ;
; switch_input[4] ; leds_output[2] ; 10.881 ; 10.698 ; 11.270 ; 11.087 ;
; switch_input[4] ; leds_output[3] ; 9.865  ; 9.822  ; 10.254 ; 10.211 ;
; switch_input[4] ; leds_output[4] ; 10.806 ; 10.826 ; 11.195 ; 11.215 ;
; switch_input[4] ; leds_output[5] ; 10.876 ; 10.692 ; 11.265 ; 11.081 ;
; switch_input[4] ; leds_output[6] ; 11.662 ; 11.424 ; 12.051 ; 11.813 ;
; switch_input[4] ; leds_output[7] ; 11.315 ; 11.130 ; 11.704 ; 11.519 ;
; switch_input[5] ; leds_output[0] ; 10.730 ; 10.617 ; 11.140 ; 11.027 ;
; switch_input[5] ; leds_output[1] ; 11.316 ; 11.097 ; 11.726 ; 11.507 ;
; switch_input[5] ; leds_output[2] ; 10.912 ; 10.729 ; 11.322 ; 11.139 ;
; switch_input[5] ; leds_output[3] ; 9.896  ; 9.853  ; 10.306 ; 10.263 ;
; switch_input[5] ; leds_output[4] ; 10.837 ; 10.857 ; 11.247 ; 11.267 ;
; switch_input[5] ; leds_output[5] ; 10.907 ; 10.723 ; 11.317 ; 11.133 ;
; switch_input[5] ; leds_output[6] ; 11.693 ; 11.455 ; 12.103 ; 11.865 ;
; switch_input[5] ; leds_output[7] ; 11.346 ; 11.161 ; 11.756 ; 11.571 ;
; switch_input[6] ; leds_output[0] ; 9.193  ; 9.080  ; 9.649  ; 9.536  ;
; switch_input[6] ; leds_output[1] ; 9.779  ; 9.573  ; 10.235 ; 10.016 ;
; switch_input[6] ; leds_output[2] ; 9.375  ; 9.213  ; 9.831  ; 9.642  ;
; switch_input[6] ; leds_output[3] ; 8.973  ; 8.934  ; 9.433  ; 9.388  ;
; switch_input[6] ; leds_output[4] ; 9.006  ; 9.019  ; 9.461  ; 9.474  ;
; switch_input[6] ; leds_output[5] ; 9.370  ; 9.207  ; 9.826  ; 9.636  ;
; switch_input[6] ; leds_output[6] ; 10.156 ; 9.926  ; 10.612 ; 10.374 ;
; switch_input[6] ; leds_output[7] ; 9.809  ; 9.645  ; 10.265 ; 10.074 ;
; switch_input[7] ; leds_output[0] ; 9.370  ; 9.257  ; 9.790  ; 9.677  ;
; switch_input[7] ; leds_output[1] ; 9.956  ; 9.737  ; 10.376 ; 10.157 ;
; switch_input[7] ; leds_output[2] ; 9.552  ; 9.352  ; 9.972  ; 9.759  ;
; switch_input[7] ; leds_output[3] ; 9.131  ; 9.111  ; 9.549  ; 9.529  ;
; switch_input[7] ; leds_output[4] ; 9.189  ; 9.202  ; 9.608  ; 9.621  ;
; switch_input[7] ; leds_output[5] ; 9.547  ; 9.346  ; 9.967  ; 9.753  ;
; switch_input[7] ; leds_output[6] ; 10.333 ; 10.095 ; 10.753 ; 10.515 ;
; switch_input[7] ; leds_output[7] ; 9.986  ; 9.784  ; 10.406 ; 10.191 ;
; switch_input[8] ; leds_output[0] ; 9.369  ; 9.256  ; 9.790  ; 9.677  ;
; switch_input[8] ; leds_output[1] ; 9.955  ; 9.736  ; 10.376 ; 10.157 ;
; switch_input[8] ; leds_output[2] ; 9.551  ; 9.373  ; 9.972  ; 9.785  ;
; switch_input[8] ; leds_output[3] ; 8.556  ; 8.519  ; 8.972  ; 8.933  ;
; switch_input[8] ; leds_output[4] ; 9.006  ; 9.026  ; 9.413  ; 9.433  ;
; switch_input[8] ; leds_output[5] ; 9.546  ; 9.367  ; 9.967  ; 9.779  ;
; switch_input[8] ; leds_output[6] ; 10.332 ; 10.094 ; 10.753 ; 10.515 ;
; switch_input[8] ; leds_output[7] ; 9.985  ; 9.805  ; 10.406 ; 10.217 ;
; switch_input[9] ; leds_output[0] ; 9.714  ; 9.601  ; 10.138 ; 10.025 ;
; switch_input[9] ; leds_output[1] ; 10.300 ; 10.081 ; 10.724 ; 10.525 ;
; switch_input[9] ; leds_output[2] ; 9.896  ; 9.716  ; 10.320 ; 10.165 ;
; switch_input[9] ; leds_output[3] ; 8.292  ; 8.242  ; 8.743  ; 8.689  ;
; switch_input[9] ; leds_output[4] ; 9.097  ; 9.117  ; 9.546  ; 9.566  ;
; switch_input[9] ; leds_output[5] ; 9.891  ; 9.710  ; 10.315 ; 10.159 ;
; switch_input[9] ; leds_output[6] ; 10.677 ; 10.439 ; 11.101 ; 10.878 ;
; switch_input[9] ; leds_output[7] ; 10.330 ; 10.148 ; 10.754 ; 10.597 ;
+-----------------+----------------+--------+--------+--------+--------+


+------------------------------------------------------------------+
; Minimum Progagation Delay                                        ;
+-----------------+----------------+-------+-------+-------+-------+
; Input Port      ; Output Port    ; RR    ; RF    ; FR    ; FF    ;
+-----------------+----------------+-------+-------+-------+-------+
; switch_input[0] ; leds_output[0] ; 4.683 ; 4.759 ; 5.273 ; 5.349 ;
; switch_input[0] ; leds_output[1] ; 4.968 ; 5.053 ; 5.558 ; 5.643 ;
; switch_input[0] ; leds_output[2] ; 4.779 ; 4.827 ; 5.369 ; 5.417 ;
; switch_input[0] ; leds_output[3] ; 4.933 ; 5.055 ; 5.556 ; 5.671 ;
; switch_input[0] ; leds_output[4] ; 4.545 ; 4.617 ; 5.167 ; 5.232 ;
; switch_input[0] ; leds_output[5] ; 4.732 ; 4.845 ; 5.322 ; 5.435 ;
; switch_input[0] ; leds_output[6] ; 5.160 ; 5.291 ; 5.750 ; 5.881 ;
; switch_input[0] ; leds_output[7] ; 5.003 ; 5.080 ; 5.593 ; 5.670 ;
; switch_input[1] ; leds_output[0] ; 4.610 ; 4.686 ; 5.187 ; 5.263 ;
; switch_input[1] ; leds_output[1] ; 4.895 ; 4.980 ; 5.472 ; 5.557 ;
; switch_input[1] ; leds_output[2] ; 4.706 ; 4.754 ; 5.283 ; 5.331 ;
; switch_input[1] ; leds_output[3] ; 4.817 ; 4.939 ; 5.426 ; 5.541 ;
; switch_input[1] ; leds_output[4] ; 4.429 ; 4.501 ; 5.037 ; 5.102 ;
; switch_input[1] ; leds_output[5] ; 4.659 ; 4.758 ; 5.236 ; 5.349 ;
; switch_input[1] ; leds_output[6] ; 5.087 ; 5.197 ; 5.664 ; 5.795 ;
; switch_input[1] ; leds_output[7] ; 4.930 ; 5.007 ; 5.507 ; 5.584 ;
; switch_input[2] ; leds_output[0] ; 4.525 ; 4.601 ; 5.095 ; 5.171 ;
; switch_input[2] ; leds_output[1] ; 4.810 ; 4.895 ; 5.380 ; 5.465 ;
; switch_input[2] ; leds_output[2] ; 4.621 ; 4.669 ; 5.191 ; 5.239 ;
; switch_input[2] ; leds_output[3] ; 4.778 ; 4.900 ; 5.383 ; 5.498 ;
; switch_input[2] ; leds_output[4] ; 4.390 ; 4.462 ; 4.994 ; 5.059 ;
; switch_input[2] ; leds_output[5] ; 4.574 ; 4.687 ; 5.144 ; 5.257 ;
; switch_input[2] ; leds_output[6] ; 5.002 ; 5.133 ; 5.572 ; 5.703 ;
; switch_input[2] ; leds_output[7] ; 4.845 ; 4.922 ; 5.415 ; 5.492 ;
; switch_input[3] ; leds_output[0] ; 4.846 ; 4.918 ; 5.442 ; 5.514 ;
; switch_input[3] ; leds_output[1] ; 5.135 ; 5.250 ; 5.731 ; 5.842 ;
; switch_input[3] ; leds_output[2] ; 4.926 ; 4.987 ; 5.518 ; 5.583 ;
; switch_input[3] ; leds_output[3] ; 5.034 ; 5.156 ; 5.630 ; 5.752 ;
; switch_input[3] ; leds_output[4] ; 4.646 ; 4.718 ; 5.242 ; 5.314 ;
; switch_input[3] ; leds_output[5] ; 4.916 ; 4.975 ; 5.508 ; 5.571 ;
; switch_input[3] ; leds_output[6] ; 5.321 ; 5.414 ; 5.917 ; 6.010 ;
; switch_input[3] ; leds_output[7] ; 5.148 ; 5.235 ; 5.740 ; 5.831 ;
; switch_input[4] ; leds_output[0] ; 4.894 ; 4.966 ; 5.519 ; 5.591 ;
; switch_input[4] ; leds_output[1] ; 5.183 ; 5.298 ; 5.808 ; 5.909 ;
; switch_input[4] ; leds_output[2] ; 4.974 ; 5.035 ; 5.595 ; 5.660 ;
; switch_input[4] ; leds_output[3] ; 5.082 ; 5.204 ; 5.707 ; 5.829 ;
; switch_input[4] ; leds_output[4] ; 4.694 ; 4.766 ; 5.319 ; 5.391 ;
; switch_input[4] ; leds_output[5] ; 4.964 ; 5.023 ; 5.585 ; 5.648 ;
; switch_input[4] ; leds_output[6] ; 5.369 ; 5.462 ; 5.994 ; 6.087 ;
; switch_input[4] ; leds_output[7] ; 5.196 ; 5.283 ; 5.817 ; 5.908 ;
; switch_input[5] ; leds_output[0] ; 4.908 ; 4.980 ; 5.542 ; 5.614 ;
; switch_input[5] ; leds_output[1] ; 5.197 ; 5.312 ; 5.831 ; 5.930 ;
; switch_input[5] ; leds_output[2] ; 4.988 ; 5.049 ; 5.616 ; 5.683 ;
; switch_input[5] ; leds_output[3] ; 5.096 ; 5.218 ; 5.730 ; 5.852 ;
; switch_input[5] ; leds_output[4] ; 4.708 ; 4.780 ; 5.342 ; 5.414 ;
; switch_input[5] ; leds_output[5] ; 4.978 ; 5.037 ; 5.606 ; 5.671 ;
; switch_input[5] ; leds_output[6] ; 5.383 ; 5.476 ; 6.017 ; 6.110 ;
; switch_input[5] ; leds_output[7] ; 5.210 ; 5.297 ; 5.838 ; 5.931 ;
; switch_input[6] ; leds_output[0] ; 4.311 ; 4.387 ; 4.865 ; 4.941 ;
; switch_input[6] ; leds_output[1] ; 4.596 ; 4.681 ; 5.150 ; 5.235 ;
; switch_input[6] ; leds_output[2] ; 4.402 ; 4.455 ; 4.976 ; 5.009 ;
; switch_input[6] ; leds_output[3] ; 4.920 ; 5.050 ; 5.475 ; 5.605 ;
; switch_input[6] ; leds_output[4] ; 4.832 ; 4.900 ; 5.421 ; 5.489 ;
; switch_input[6] ; leds_output[5] ; 4.360 ; 4.468 ; 4.914 ; 5.042 ;
; switch_input[6] ; leds_output[6] ; 4.788 ; 4.914 ; 5.342 ; 5.488 ;
; switch_input[6] ; leds_output[7] ; 4.626 ; 4.708 ; 5.200 ; 5.262 ;
; switch_input[7] ; leds_output[0] ; 4.322 ; 4.398 ; 4.913 ; 4.989 ;
; switch_input[7] ; leds_output[1] ; 4.607 ; 4.692 ; 5.198 ; 5.283 ;
; switch_input[7] ; leds_output[2] ; 4.426 ; 4.466 ; 4.998 ; 5.057 ;
; switch_input[7] ; leds_output[3] ; 4.934 ; 5.064 ; 5.526 ; 5.656 ;
; switch_input[7] ; leds_output[4] ; 4.844 ; 4.912 ; 5.446 ; 5.514 ;
; switch_input[7] ; leds_output[5] ; 4.371 ; 4.492 ; 4.962 ; 5.064 ;
; switch_input[7] ; leds_output[6] ; 4.799 ; 4.938 ; 5.390 ; 5.510 ;
; switch_input[7] ; leds_output[7] ; 4.650 ; 4.719 ; 5.222 ; 5.310 ;
; switch_input[8] ; leds_output[0] ; 4.317 ; 4.393 ; 4.873 ; 4.949 ;
; switch_input[8] ; leds_output[1] ; 4.602 ; 4.687 ; 5.158 ; 5.243 ;
; switch_input[8] ; leds_output[2] ; 4.421 ; 4.461 ; 4.977 ; 5.017 ;
; switch_input[8] ; leds_output[3] ; 4.672 ; 4.802 ; 5.226 ; 5.356 ;
; switch_input[8] ; leds_output[4] ; 4.172 ; 4.240 ; 4.729 ; 4.797 ;
; switch_input[8] ; leds_output[5] ; 4.366 ; 4.487 ; 4.922 ; 5.043 ;
; switch_input[8] ; leds_output[6] ; 4.794 ; 4.933 ; 5.350 ; 5.489 ;
; switch_input[8] ; leds_output[7] ; 4.645 ; 4.714 ; 5.201 ; 5.270 ;
; switch_input[9] ; leds_output[0] ; 4.518 ; 4.594 ; 5.066 ; 5.142 ;
; switch_input[9] ; leds_output[1] ; 4.803 ; 4.888 ; 5.351 ; 5.436 ;
; switch_input[9] ; leds_output[2] ; 4.622 ; 4.662 ; 5.170 ; 5.210 ;
; switch_input[9] ; leds_output[3] ; 4.616 ; 4.746 ; 5.164 ; 5.294 ;
; switch_input[9] ; leds_output[4] ; 4.886 ; 4.954 ; 5.433 ; 5.501 ;
; switch_input[9] ; leds_output[5] ; 4.567 ; 4.688 ; 5.115 ; 5.236 ;
; switch_input[9] ; leds_output[6] ; 4.995 ; 5.134 ; 5.543 ; 5.682 ;
; switch_input[9] ; leds_output[7] ; 4.846 ; 4.915 ; 5.394 ; 5.463 ;
+-----------------+----------------+-------+-------+-------+-------+


+-------------------------------------------------------------------------------------------------------------------------------------------------------------------------------------------------------------------------------------------------------------------------------------------------------------------------------------------------------------------------------------------------------------------+
; Board Trace Model Assignments                                                                                                                                                                                                                                                                                                                                                                                     ;
+----------------+--------------+-------------------+-------------------------+-------------------------+---------------+---------------------+----------------+------------------+--------+------------------+------------------------+------------------------+--------------+---------------+-----------------+-------+---------------------+--------------------+---------------+-----------------+-------------+
; Pin            ; I/O Standard ; Near Tline Length ; Near Tline L per Length ; Near Tline C per Length ; Near Series R ; Near Differential R ; Near Pull-up R ; Near Pull-down R ; Near C ; Far Tline Length ; Far Tline L per Length ; Far Tline C per Length ; Far Series R ; Far Pull-up R ; Far Pull-down R ; Far C ; Termination Voltage ; Far Differential R ; EBD File Name ; EBD Signal Name ; EBD Far-end ;
+----------------+--------------+-------------------+-------------------------+-------------------------+---------------+---------------------+----------------+------------------+--------+------------------+------------------------+------------------------+--------------+---------------+-----------------+-------+---------------------+--------------------+---------------+-----------------+-------------+
; leds_output[0] ; 2.5 V        ; 0 in              ; 0 H/in                  ; 0 F/in                  ; short         ; -                   ; open           ; open             ; open   ; 0 in             ; 0 H/in                 ; 0 F/in                 ; short        ; open          ; open            ; open  ; 0 V                 ; -                  ; n/a           ; n/a             ; n/a         ;
; leds_output[1] ; 2.5 V        ; 0 in              ; 0 H/in                  ; 0 F/in                  ; short         ; -                   ; open           ; open             ; open   ; 0 in             ; 0 H/in                 ; 0 F/in                 ; short        ; open          ; open            ; open  ; 0 V                 ; -                  ; n/a           ; n/a             ; n/a         ;
; leds_output[2] ; 2.5 V        ; 0 in              ; 0 H/in                  ; 0 F/in                  ; short         ; -                   ; open           ; open             ; open   ; 0 in             ; 0 H/in                 ; 0 F/in                 ; short        ; open          ; open            ; open  ; 0 V                 ; -                  ; n/a           ; n/a             ; n/a         ;
; leds_output[3] ; 2.5 V        ; 0 in              ; 0 H/in                  ; 0 F/in                  ; short         ; -                   ; open           ; open             ; open   ; 0 in             ; 0 H/in                 ; 0 F/in                 ; short        ; open          ; open            ; open  ; 0 V                 ; -                  ; n/a           ; n/a             ; n/a         ;
; leds_output[4] ; 2.5 V        ; 0 in              ; 0 H/in                  ; 0 F/in                  ; short         ; -                   ; open           ; open             ; open   ; 0 in             ; 0 H/in                 ; 0 F/in                 ; short        ; open          ; open            ; open  ; 0 V                 ; -                  ; n/a           ; n/a             ; n/a         ;
; leds_output[5] ; 2.5 V        ; 0 in              ; 0 H/in                  ; 0 F/in                  ; short         ; -                   ; open           ; open             ; open   ; 0 in             ; 0 H/in                 ; 0 F/in                 ; short        ; open          ; open            ; open  ; 0 V                 ; -                  ; n/a           ; n/a             ; n/a         ;
; leds_output[6] ; 2.5 V        ; 0 in              ; 0 H/in                  ; 0 F/in                  ; short         ; -                   ; open           ; open             ; open   ; 0 in             ; 0 H/in                 ; 0 F/in                 ; short        ; open          ; open            ; open  ; 0 V                 ; -                  ; n/a           ; n/a             ; n/a         ;
; leds_output[7] ; 2.5 V        ; 0 in              ; 0 H/in                  ; 0 F/in                  ; short         ; -                   ; open           ; open             ; open   ; 0 in             ; 0 H/in                 ; 0 F/in                 ; short        ; open          ; open            ; open  ; 0 V                 ; -                  ; n/a           ; n/a             ; n/a         ;
; ~ALTERA_DCLK~  ; 2.5 V        ; 0 in              ; 0 H/in                  ; 0 F/in                  ; short         ; -                   ; open           ; open             ; open   ; 0 in             ; 0 H/in                 ; 0 F/in                 ; short        ; open          ; open            ; open  ; 0 V                 ; -                  ; n/a           ; n/a             ; n/a         ;
; ~ALTERA_nCEO~  ; 2.5 V        ; 0 in              ; 0 H/in                  ; 0 F/in                  ; short         ; -                   ; open           ; open             ; open   ; 0 in             ; 0 H/in                 ; 0 F/in                 ; short        ; open          ; open            ; open  ; 0 V                 ; -                  ; n/a           ; n/a             ; n/a         ;
+----------------+--------------+-------------------+-------------------------+-------------------------+---------------+---------------------+----------------+------------------+--------+------------------+------------------------+------------------------+--------------+---------------+-----------------+-------+---------------------+--------------------+---------------+-----------------+-------------+


+----------------------------------------------------------------------------+
; Input Transition Times                                                     ;
+-------------------------+--------------+-----------------+-----------------+
; Pin                     ; I/O Standard ; 10-90 Rise Time ; 90-10 Fall Time ;
+-------------------------+--------------+-----------------+-----------------+
; switch_input[7]         ; 2.5 V        ; 2000 ps         ; 2000 ps         ;
; switch_input[8]         ; 2.5 V        ; 2000 ps         ; 2000 ps         ;
; switch_input[9]         ; 2.5 V        ; 2000 ps         ; 2000 ps         ;
; switch_input[6]         ; 2.5 V        ; 2000 ps         ; 2000 ps         ;
; switch_input[3]         ; 2.5 V        ; 2000 ps         ; 2000 ps         ;
; switch_input[4]         ; 2.5 V        ; 2000 ps         ; 2000 ps         ;
; switch_input[5]         ; 2.5 V        ; 2000 ps         ; 2000 ps         ;
; switch_input[2]         ; 2.5 V        ; 2000 ps         ; 2000 ps         ;
; switch_input[0]         ; 2.5 V        ; 2000 ps         ; 2000 ps         ;
; switch_input[1]         ; 2.5 V        ; 2000 ps         ; 2000 ps         ;
; ~ALTERA_ASDO_DATA1~     ; 2.5 V        ; 2000 ps         ; 2000 ps         ;
; ~ALTERA_FLASH_nCE_nCSO~ ; 2.5 V        ; 2000 ps         ; 2000 ps         ;
; ~ALTERA_DATA0~          ; 2.5 V        ; 2000 ps         ; 2000 ps         ;
+-------------------------+--------------+-----------------+-----------------+


+---------------------------------------------------------------------------------------------------------------------------------------------------------------------------------------------------------------------------------------------------------------------------------------------------------------------------------------------------------------------------------------------------------------------------------------------------------------------------------------------------------------------------------------------------------------------------------------------------------------------------------------------------------------------------------------------+
; Slow Corner Signal Integrity Metrics                                                                                                                                                                                                                                                                                                                                                                                                                                                                                                                                                                                                                                                        ;
+----------------+--------------+---------------------+---------------------+------------------------------+------------------------------+---------------------+---------------------+--------------------------------------+--------------------------------------+-----------------------------+-----------------------------+----------------------------+----------------------------+-----------------------------+-----------------------------+--------------------+--------------------+-------------------------------------+-------------------------------------+----------------------------+----------------------------+---------------------------+---------------------------+
; Pin            ; I/O Standard ; Board Delay on Rise ; Board Delay on Fall ; Steady State Voh at FPGA Pin ; Steady State Vol at FPGA Pin ; Voh Max at FPGA Pin ; Vol Min at FPGA Pin ; Ringback Voltage on Rise at FPGA Pin ; Ringback Voltage on Fall at FPGA Pin ; 10-90 Rise Time at FPGA Pin ; 90-10 Fall Time at FPGA Pin ; Monotonic Rise at FPGA Pin ; Monotonic Fall at FPGA Pin ; Steady State Voh at Far-end ; Steady State Vol at Far-end ; Voh Max at Far-end ; Vol Min at Far-end ; Ringback Voltage on Rise at Far-end ; Ringback Voltage on Fall at Far-end ; 10-90 Rise Time at Far-end ; 90-10 Fall Time at Far-end ; Monotonic Rise at Far-end ; Monotonic Fall at Far-end ;
+----------------+--------------+---------------------+---------------------+------------------------------+------------------------------+---------------------+---------------------+--------------------------------------+--------------------------------------+-----------------------------+-----------------------------+----------------------------+----------------------------+-----------------------------+-----------------------------+--------------------+--------------------+-------------------------------------+-------------------------------------+----------------------------+----------------------------+---------------------------+---------------------------+
; leds_output[0] ; 2.5 V        ; 0 s                 ; 0 s                 ; 2.32 V                       ; 1.08e-06 V                   ; 2.36 V              ; -0.0113 V           ; 0.122 V                              ; 0.022 V                              ; 4.5e-10 s                   ; 4.45e-10 s                  ; Yes                        ; Yes                        ; 2.32 V                      ; 1.08e-06 V                  ; 2.36 V             ; -0.0113 V          ; 0.122 V                             ; 0.022 V                             ; 4.5e-10 s                  ; 4.45e-10 s                 ; Yes                       ; Yes                       ;
; leds_output[1] ; 2.5 V        ; 0 s                 ; 0 s                 ; 2.32 V                       ; 1.08e-06 V                   ; 2.36 V              ; -0.0113 V           ; 0.122 V                              ; 0.022 V                              ; 4.5e-10 s                   ; 4.45e-10 s                  ; Yes                        ; Yes                        ; 2.32 V                      ; 1.08e-06 V                  ; 2.36 V             ; -0.0113 V          ; 0.122 V                             ; 0.022 V                             ; 4.5e-10 s                  ; 4.45e-10 s                 ; Yes                       ; Yes                       ;
; leds_output[2] ; 2.5 V        ; 0 s                 ; 0 s                 ; 2.32 V                       ; 1.08e-06 V                   ; 2.36 V              ; -0.0113 V           ; 0.122 V                              ; 0.022 V                              ; 4.5e-10 s                   ; 4.45e-10 s                  ; Yes                        ; Yes                        ; 2.32 V                      ; 1.08e-06 V                  ; 2.36 V             ; -0.0113 V          ; 0.122 V                             ; 0.022 V                             ; 4.5e-10 s                  ; 4.45e-10 s                 ; Yes                       ; Yes                       ;
; leds_output[3] ; 2.5 V        ; 0 s                 ; 0 s                 ; 2.32 V                       ; 1.08e-06 V                   ; 2.36 V              ; -0.0113 V           ; 0.122 V                              ; 0.022 V                              ; 4.5e-10 s                   ; 4.45e-10 s                  ; Yes                        ; Yes                        ; 2.32 V                      ; 1.08e-06 V                  ; 2.36 V             ; -0.0113 V          ; 0.122 V                             ; 0.022 V                             ; 4.5e-10 s                  ; 4.45e-10 s                 ; Yes                       ; Yes                       ;
; leds_output[4] ; 2.5 V        ; 0 s                 ; 0 s                 ; 2.32 V                       ; 1.08e-06 V                   ; 2.36 V              ; -0.0113 V           ; 0.122 V                              ; 0.022 V                              ; 4.5e-10 s                   ; 4.45e-10 s                  ; Yes                        ; Yes                        ; 2.32 V                      ; 1.08e-06 V                  ; 2.36 V             ; -0.0113 V          ; 0.122 V                             ; 0.022 V                             ; 4.5e-10 s                  ; 4.45e-10 s                 ; Yes                       ; Yes                       ;
; leds_output[5] ; 2.5 V        ; 0 s                 ; 0 s                 ; 2.32 V                       ; 1.08e-06 V                   ; 2.36 V              ; -0.0113 V           ; 0.122 V                              ; 0.022 V                              ; 4.5e-10 s                   ; 4.45e-10 s                  ; Yes                        ; Yes                        ; 2.32 V                      ; 1.08e-06 V                  ; 2.36 V             ; -0.0113 V          ; 0.122 V                             ; 0.022 V                             ; 4.5e-10 s                  ; 4.45e-10 s                 ; Yes                       ; Yes                       ;
; leds_output[6] ; 2.5 V        ; 0 s                 ; 0 s                 ; 2.32 V                       ; 1.08e-06 V                   ; 2.36 V              ; -0.0113 V           ; 0.122 V                              ; 0.022 V                              ; 4.5e-10 s                   ; 4.45e-10 s                  ; Yes                        ; Yes                        ; 2.32 V                      ; 1.08e-06 V                  ; 2.36 V             ; -0.0113 V          ; 0.122 V                             ; 0.022 V                             ; 4.5e-10 s                  ; 4.45e-10 s                 ; Yes                       ; Yes                       ;
; leds_output[7] ; 2.5 V        ; 0 s                 ; 0 s                 ; 2.32 V                       ; 1.08e-06 V                   ; 2.36 V              ; -0.0113 V           ; 0.122 V                              ; 0.022 V                              ; 4.5e-10 s                   ; 4.45e-10 s                  ; Yes                        ; Yes                        ; 2.32 V                      ; 1.08e-06 V                  ; 2.36 V             ; -0.0113 V          ; 0.122 V                             ; 0.022 V                             ; 4.5e-10 s                  ; 4.45e-10 s                 ; Yes                       ; Yes                       ;
; ~ALTERA_DCLK~  ; 2.5 V        ; 0 s                 ; 0 s                 ; 2.32 V                       ; 5.68e-07 V                   ; 2.35 V              ; -0.0132 V           ; 0.2 V                                ; 0.027 V                              ; 5.26e-10 s                  ; 4.81e-10 s                  ; Yes                        ; Yes                        ; 2.32 V                      ; 5.68e-07 V                  ; 2.35 V             ; -0.0132 V          ; 0.2 V                               ; 0.027 V                             ; 5.26e-10 s                 ; 4.81e-10 s                 ; Yes                       ; Yes                       ;
; ~ALTERA_nCEO~  ; 2.5 V        ; 0 s                 ; 0 s                 ; 2.32 V                       ; 9.36e-07 V                   ; 2.35 V              ; -0.00444 V          ; 0.18 V                               ; 0.019 V                              ; 7.23e-10 s                  ; 9.82e-10 s                  ; Yes                        ; Yes                        ; 2.32 V                      ; 9.36e-07 V                  ; 2.35 V             ; -0.00444 V         ; 0.18 V                              ; 0.019 V                             ; 7.23e-10 s                 ; 9.82e-10 s                 ; Yes                       ; Yes                       ;
+----------------+--------------+---------------------+---------------------+------------------------------+------------------------------+---------------------+---------------------+--------------------------------------+--------------------------------------+-----------------------------+-----------------------------+----------------------------+----------------------------+-----------------------------+-----------------------------+--------------------+--------------------+-------------------------------------+-------------------------------------+----------------------------+----------------------------+---------------------------+---------------------------+


+---------------------------------------------------------------------------------------------------------------------------------------------------------------------------------------------------------------------------------------------------------------------------------------------------------------------------------------------------------------------------------------------------------------------------------------------------------------------------------------------------------------------------------------------------------------------------------------------------------------------------------------------------------------------------------------------+
; Fast Corner Signal Integrity Metrics                                                                                                                                                                                                                                                                                                                                                                                                                                                                                                                                                                                                                                                        ;
+----------------+--------------+---------------------+---------------------+------------------------------+------------------------------+---------------------+---------------------+--------------------------------------+--------------------------------------+-----------------------------+-----------------------------+----------------------------+----------------------------+-----------------------------+-----------------------------+--------------------+--------------------+-------------------------------------+-------------------------------------+----------------------------+----------------------------+---------------------------+---------------------------+
; Pin            ; I/O Standard ; Board Delay on Rise ; Board Delay on Fall ; Steady State Voh at FPGA Pin ; Steady State Vol at FPGA Pin ; Voh Max at FPGA Pin ; Vol Min at FPGA Pin ; Ringback Voltage on Rise at FPGA Pin ; Ringback Voltage on Fall at FPGA Pin ; 10-90 Rise Time at FPGA Pin ; 90-10 Fall Time at FPGA Pin ; Monotonic Rise at FPGA Pin ; Monotonic Fall at FPGA Pin ; Steady State Voh at Far-end ; Steady State Vol at Far-end ; Voh Max at Far-end ; Vol Min at Far-end ; Ringback Voltage on Rise at Far-end ; Ringback Voltage on Fall at Far-end ; 10-90 Rise Time at Far-end ; 90-10 Fall Time at Far-end ; Monotonic Rise at Far-end ; Monotonic Fall at Far-end ;
+----------------+--------------+---------------------+---------------------+------------------------------+------------------------------+---------------------+---------------------+--------------------------------------+--------------------------------------+-----------------------------+-----------------------------+----------------------------+----------------------------+-----------------------------+-----------------------------+--------------------+--------------------+-------------------------------------+-------------------------------------+----------------------------+----------------------------+---------------------------+---------------------------+
; leds_output[0] ; 2.5 V        ; 0 s                 ; 0 s                 ; 2.62 V                       ; 4.11e-08 V                   ; 2.73 V              ; -0.0566 V           ; 0.191 V                              ; 0.12 V                               ; 2.69e-10 s                  ; 2.76e-10 s                  ; Yes                        ; Yes                        ; 2.62 V                      ; 4.11e-08 V                  ; 2.73 V             ; -0.0566 V          ; 0.191 V                             ; 0.12 V                              ; 2.69e-10 s                 ; 2.76e-10 s                 ; Yes                       ; Yes                       ;
; leds_output[1] ; 2.5 V        ; 0 s                 ; 0 s                 ; 2.62 V                       ; 4.11e-08 V                   ; 2.73 V              ; -0.0566 V           ; 0.191 V                              ; 0.12 V                               ; 2.69e-10 s                  ; 2.76e-10 s                  ; Yes                        ; Yes                        ; 2.62 V                      ; 4.11e-08 V                  ; 2.73 V             ; -0.0566 V          ; 0.191 V                             ; 0.12 V                              ; 2.69e-10 s                 ; 2.76e-10 s                 ; Yes                       ; Yes                       ;
; leds_output[2] ; 2.5 V        ; 0 s                 ; 0 s                 ; 2.62 V                       ; 4.11e-08 V                   ; 2.73 V              ; -0.0566 V           ; 0.191 V                              ; 0.12 V                               ; 2.69e-10 s                  ; 2.76e-10 s                  ; Yes                        ; Yes                        ; 2.62 V                      ; 4.11e-08 V                  ; 2.73 V             ; -0.0566 V          ; 0.191 V                             ; 0.12 V                              ; 2.69e-10 s                 ; 2.76e-10 s                 ; Yes                       ; Yes                       ;
; leds_output[3] ; 2.5 V        ; 0 s                 ; 0 s                 ; 2.62 V                       ; 4.11e-08 V                   ; 2.73 V              ; -0.0566 V           ; 0.191 V                              ; 0.12 V                               ; 2.69e-10 s                  ; 2.76e-10 s                  ; Yes                        ; Yes                        ; 2.62 V                      ; 4.11e-08 V                  ; 2.73 V             ; -0.0566 V          ; 0.191 V                             ; 0.12 V                              ; 2.69e-10 s                 ; 2.76e-10 s                 ; Yes                       ; Yes                       ;
; leds_output[4] ; 2.5 V        ; 0 s                 ; 0 s                 ; 2.62 V                       ; 4.11e-08 V                   ; 2.73 V              ; -0.0566 V           ; 0.191 V                              ; 0.12 V                               ; 2.69e-10 s                  ; 2.76e-10 s                  ; Yes                        ; Yes                        ; 2.62 V                      ; 4.11e-08 V                  ; 2.73 V             ; -0.0566 V          ; 0.191 V                             ; 0.12 V                              ; 2.69e-10 s                 ; 2.76e-10 s                 ; Yes                       ; Yes                       ;
; leds_output[5] ; 2.5 V        ; 0 s                 ; 0 s                 ; 2.62 V                       ; 4.11e-08 V                   ; 2.73 V              ; -0.0566 V           ; 0.191 V                              ; 0.12 V                               ; 2.69e-10 s                  ; 2.76e-10 s                  ; Yes                        ; Yes                        ; 2.62 V                      ; 4.11e-08 V                  ; 2.73 V             ; -0.0566 V          ; 0.191 V                             ; 0.12 V                              ; 2.69e-10 s                 ; 2.76e-10 s                 ; Yes                       ; Yes                       ;
; leds_output[6] ; 2.5 V        ; 0 s                 ; 0 s                 ; 2.62 V                       ; 4.11e-08 V                   ; 2.73 V              ; -0.0566 V           ; 0.191 V                              ; 0.12 V                               ; 2.69e-10 s                  ; 2.76e-10 s                  ; Yes                        ; Yes                        ; 2.62 V                      ; 4.11e-08 V                  ; 2.73 V             ; -0.0566 V          ; 0.191 V                             ; 0.12 V                              ; 2.69e-10 s                 ; 2.76e-10 s                 ; Yes                       ; Yes                       ;
; leds_output[7] ; 2.5 V        ; 0 s                 ; 0 s                 ; 2.62 V                       ; 4.11e-08 V                   ; 2.73 V              ; -0.0566 V           ; 0.191 V                              ; 0.12 V                               ; 2.69e-10 s                  ; 2.76e-10 s                  ; Yes                        ; Yes                        ; 2.62 V                      ; 4.11e-08 V                  ; 2.73 V             ; -0.0566 V          ; 0.191 V                             ; 0.12 V                              ; 2.69e-10 s                 ; 2.76e-10 s                 ; Yes                       ; Yes                       ;
; ~ALTERA_DCLK~  ; 2.5 V        ; 0 s                 ; 0 s                 ; 2.62 V                       ; 2.22e-08 V                   ; 2.72 V              ; -0.0747 V           ; 0.28 V                               ; 0.169 V                              ; 3.1e-10 s                   ; 3.01e-10 s                  ; No                         ; Yes                        ; 2.62 V                      ; 2.22e-08 V                  ; 2.72 V             ; -0.0747 V          ; 0.28 V                              ; 0.169 V                             ; 3.1e-10 s                  ; 3.01e-10 s                 ; No                        ; Yes                       ;
; ~ALTERA_nCEO~  ; 2.5 V        ; 0 s                 ; 0 s                 ; 2.62 V                       ; 3.53e-08 V                   ; 2.7 V               ; -0.0212 V           ; 0.204 V                              ; 0.049 V                              ; 4.85e-10 s                  ; 6.73e-10 s                  ; No                         ; Yes                        ; 2.62 V                      ; 3.53e-08 V                  ; 2.7 V              ; -0.0212 V          ; 0.204 V                             ; 0.049 V                             ; 4.85e-10 s                 ; 6.73e-10 s                 ; No                        ; Yes                       ;
+----------------+--------------+---------------------+---------------------+------------------------------+------------------------------+---------------------+---------------------+--------------------------------------+--------------------------------------+-----------------------------+-----------------------------+----------------------------+----------------------------+-----------------------------+-----------------------------+--------------------+--------------------+-------------------------------------+-------------------------------------+----------------------------+----------------------------+---------------------------+---------------------------+


-------------------
; Clock Transfers ;
-------------------
Nothing to report.


---------------
; Report TCCS ;
---------------
No dedicated SERDES Transmitter circuitry present in device or used in design


---------------
; Report RSKM ;
---------------
No dedicated SERDES Receiver circuitry present in device or used in design


+------------------------------------------------+
; Unconstrained Paths                            ;
+---------------------------------+-------+------+
; Property                        ; Setup ; Hold ;
+---------------------------------+-------+------+
; Illegal Clocks                  ; 0     ; 0    ;
; Unconstrained Clocks            ; 0     ; 0    ;
; Unconstrained Input Ports       ; 10    ; 10   ;
; Unconstrained Input Port Paths  ; 80    ; 80   ;
; Unconstrained Output Ports      ; 8     ; 8    ;
; Unconstrained Output Port Paths ; 80    ; 80   ;
+---------------------------------+-------+------+


+------------------------------------+
; TimeQuest Timing Analyzer Messages ;
+------------------------------------+
Info: *******************************************************************
Info: Running Quartus II 64-Bit TimeQuest Timing Analyzer
    Info: Version 13.0.0 Build 156 04/24/2013 SJ Web Edition
    Info: Processing started: Wed Apr 10 16:44:10 2019
Info: Command: quartus_sta keys_to_display -c keys_to_display
Info: qsta_default_script.tcl version: #1
Warning (20028): Parallel compilation is not licensed and has been disabled
Info (21077): Core supply voltage is 1.2V
Info (21077): Low junction temperature is 0 degrees C
Info (21077): High junction temperature is 85 degrees C
Critical Warning (332012): Synopsys Design Constraints File file not found: 'keys_to_display.sdc'. A Synopsys Design Constraints File is required by the TimeQuest Timing Analyzer to get proper timing constraints. Without it, the Compiler will not properly optimize the design.
Info (332142): No user constrained base clocks found in the design. Calling "derive_clocks -period 1.0"
Info (332096): The command derive_clocks did not find any clocks to derive.  No clocks were created or changed.
Warning (332068): No clocks defined in design.
Info (332143): No user constrained clock uncertainty found in the design. Calling "derive_clock_uncertainty"
Info (332154): The derive_clock_uncertainty command did not apply clock uncertainty to any clock-to-clock transfers.
Info: Found TIMEQUEST_REPORT_SCRIPT_INCLUDE_DEFAULT_ANALYSIS = ON
Info (332159): No clocks to report
Info: Analyzing Slow 1200mV 85C Model
Info (332140): No fmax paths to report
Info (332140): No Setup paths to report
Info (332140): No Hold paths to report
Info (332140): No Recovery paths to report
Info (332140): No Removal paths to report
Info (332140): No Minimum Pulse Width paths to report
Info: Analyzing Slow 1200mV 0C Model
Info (334003): Started post-fitting delay annotation
Info (334004): Delay annotation completed successfully
Info (332142): No user constrained base clocks found in the design. Calling "derive_clocks -period 1.0"
Info (332096): The command derive_clocks did not find any clocks to derive.  No clocks were created or changed.
Warning (332068): No clocks defined in design.
Info (332154): The derive_clock_uncertainty command did not apply clock uncertainty to any clock-to-clock transfers.
Info (332140): No fmax paths to report
Info (332140): No Setup paths to report
Info (332140): No Hold paths to report
Info (332140): No Recovery paths to report
Info (332140): No Removal paths to report
Info (332140): No Minimum Pulse Width paths to report
Info: Analyzing Fast 1200mV 0C Model
Info (332142): No user constrained base clocks found in the design. Calling "derive_clocks -period 1.0"
Info (332096): The command derive_clocks did not find any clocks to derive.  No clocks were created or changed.
Warning (332068): No clocks defined in design.
Info (332154): The derive_clock_uncertainty command did not apply clock uncertainty to any clock-to-clock transfers.
Info (332140): No Setup paths to report
Info (332140): No Hold paths to report
Info (332140): No Recovery paths to report
Info (332140): No Removal paths to report
Info (332140): No Minimum Pulse Width paths to report
Info (332102): Design is not fully constrained for setup requirements
Info (332102): Design is not fully constrained for hold requirements
Info: Quartus II 64-Bit TimeQuest Timing Analyzer was successful. 0 errors, 5 warnings
    Info: Peak virtual memory: 437 megabytes
    Info: Processing ended: Wed Apr 10 16:44:11 2019
    Info: Elapsed time: 00:00:01
    Info: Total CPU time (on all processors): 00:00:01


